2022-09-14 17:38:22  DEBUG    started
2022-09-14 17:38:23  DEBUG    n_mis: 400
2022-09-14 17:38:23  DEBUG    imputation order: 4,7,1,6
2022-09-14 17:50:46  DEBUG    pickle loaded: /Users/nshah/anaconda3/envs/zhaogcimpute/lib/python3.7/site-packages/jedi/third_party/typeshed/stdlib/3/builtins.pyi
2022-09-14 17:50:46  DEBUG    pickle loaded: /Users/nshah/anaconda3/envs/zhaogcimpute/lib/python3.7/site-packages/jedi/third_party/typeshed/stdlib/3/sys.pyi
2022-09-14 17:50:47  DEBUG    diff parser start
2022-09-14 17:50:47  DEBUG    line_lengths old: 1; new: 1
2022-09-14 17:50:47  DEBUG    -> code[replace] old[1:1] new[1:1]
2022-09-14 17:50:47  DEBUG    parse_part from 1 to 1 (to 0 in part parser)
2022-09-14 17:50:47  DEBUG    diff parser end
2022-09-14 17:50:49  DEBUG    diff parser start
2022-09-14 17:50:49  DEBUG    line_lengths old: 1; new: 1
2022-09-14 17:50:49  DEBUG    -> code[replace] old[1:1] new[1:1]
2022-09-14 17:50:49  DEBUG    parse_part from 1 to 1 (to 0 in part parser)
2022-09-14 17:50:49  DEBUG    diff parser end
2022-09-14 17:50:50  DEBUG    diff parser start
2022-09-14 17:50:50  DEBUG    line_lengths old: 1; new: 1
2022-09-14 17:50:50  DEBUG    -> code[replace] old[1:1] new[1:1]
2022-09-14 17:50:50  DEBUG    parse_part from 1 to 1 (to 0 in part parser)
2022-09-14 17:50:50  DEBUG    diff parser end
2022-09-14 17:54:17  DEBUG    diff parser start
2022-09-14 17:54:17  DEBUG    line_lengths old: 1; new: 1
2022-09-14 17:54:17  DEBUG    -> code[replace] old[1:1] new[1:1]
2022-09-14 17:54:17  DEBUG    parse_part from 1 to 1 (to 0 in part parser)
2022-09-14 17:54:17  DEBUG    diff parser end
2022-09-14 17:54:47  INFO     started
2022-09-14 17:54:48  INFO     n_mis: 400
2022-09-14 17:54:48  INFO     imputation order: 4,7,1,6
2022-09-14 17:54:48  INFO     imputing: 4
2022-09-14 17:54:49  INFO     imputing: 7
2022-09-14 17:54:50  INFO     imputing: 1
2022-09-14 17:54:52  INFO     imputing: 6
2022-09-14 17:54:52  INFO     completed
2022-09-14 17:55:11  INFO     started
2022-09-14 17:55:12  INFO     n_mis: 400
2022-09-14 17:55:12  INFO     imputation order: 4,7,1,6
2022-09-14 17:55:12  INFO     imputing: 4
2022-09-14 17:55:12  INFO     imputing: 7
2022-09-14 17:55:13  INFO     imputing: 1
2022-09-14 17:55:15  INFO     imputing: 6
2022-09-14 17:55:16  INFO     completed
2022-09-14 17:55:20  INFO     started
2022-09-14 17:55:21  INFO     n_mis: 400
2022-09-14 17:55:21  INFO     imputation order: 4,7,1,6
2022-09-14 17:55:21  INFO     imputing: 4
2022-09-14 17:55:22  INFO     imputing: 7
2022-09-14 17:55:23  INFO     imputing: 1
2022-09-14 17:55:23  INFO     imputing: 6
2022-09-14 17:57:02  INFO     imputation order: 4,7,1,6
2022-09-14 17:57:02  INFO     imputing: 4
2022-09-14 17:57:03  INFO     imputing: 7
2022-09-14 17:57:04  INFO     imputing: 1
2022-09-14 17:57:05  INFO     imputing: 6
2022-09-14 18:05:01  INFO     started
2022-09-14 18:05:01  INFO     n_mis: 400
2022-09-14 18:05:01  INFO     imputation order: 4,7,1,6
2022-09-14 18:05:01  INFO     imputing: 4
2022-09-14 18:05:02  INFO     imputing: 7
2022-09-14 18:05:03  INFO     imputing: 1
2022-09-14 18:05:04  INFO     imputing: 6
2022-09-14 18:05:05  INFO     completed
2022-09-14 18:05:23  INFO     started
2022-09-14 18:05:24  INFO     total mdps 4
2022-09-14 18:05:24  INFO     n_mis: 400
2022-09-14 18:05:24  INFO     on mdp: 6
2022-09-14 18:05:24  INFO     imputation order: 6
2022-09-14 18:05:24  INFO     imputing: 6
2022-09-14 18:05:25  INFO     n_mis: 310
2022-09-14 18:05:25  INFO     on mdp: 1,6
2022-09-14 18:05:25  INFO     imputation order: 6,1
2022-09-14 18:05:25  INFO     imputing: 6
2022-09-14 18:05:26  INFO     imputing: 1
2022-09-14 18:05:27  INFO     n_mis: 186
2022-09-14 18:05:27  INFO     on mdp: 1,6,7
2022-09-14 18:05:27  INFO     imputation order: 1,7,6
2022-09-14 18:05:27  INFO     imputing: 1
2022-09-14 18:05:27  INFO     imputing: 7
2022-09-14 18:05:28  INFO     imputing: 6
2022-09-14 18:05:30  INFO     n_mis: 48
2022-09-14 18:05:30  INFO     on mdp: 1,4,6,7
2022-09-14 18:05:30  INFO     imputation order: 7,6,1,4
2022-09-14 18:05:30  INFO     imputing: 7
2022-09-14 18:05:30  INFO     imputing: 6
2022-09-14 18:05:31  INFO     imputing: 1
2022-09-14 18:05:32  INFO     imputing: 4
2022-09-14 18:05:33  INFO     completed
2022-09-14 18:18:02  INFO     started
2022-09-14 18:18:03  INFO     n_mis: 400
2022-09-14 18:18:03  INFO     imputation order: 4,7,1,6
2022-09-14 18:18:03  INFO     imputing: 4
2022-09-14 18:18:03  INFO     imputing: 7
2022-09-14 18:18:04  INFO     imputing: 1
2022-09-14 18:18:05  INFO     imputing: 6
2022-09-14 18:18:07  INFO     completed
2022-09-14 18:18:19  INFO     started
2022-09-14 18:18:20  INFO     n_mis: 400
2022-09-14 18:18:20  INFO     imputation order: 4,7,1,6
2022-09-14 18:18:20  INFO     imputing: 4
2022-09-14 18:18:21  INFO     imputing: 7
2022-09-14 18:18:21  INFO     imputing: 1
2022-09-14 18:18:23  INFO     imputing: 6
2022-09-14 18:18:23  INFO     completed
2022-09-14 18:18:42  INFO     started
2022-09-14 18:18:43  INFO     total mdps 4
2022-09-14 18:18:43  INFO     n_mis: 400
2022-09-14 18:18:43  INFO     on mdp: 6
2022-09-14 18:18:43  INFO     imputation order: 6
2022-09-14 18:18:43  INFO     imputing: 6
2022-09-14 18:18:44  INFO     n_mis: 310
2022-09-14 18:18:44  INFO     on mdp: 1,6
2022-09-14 18:18:44  INFO     imputation order: 6,1
2022-09-14 18:18:44  INFO     imputing: 6
2022-09-14 18:18:45  INFO     imputing: 1
2022-09-14 18:18:46  INFO     n_mis: 186
2022-09-14 18:18:46  INFO     on mdp: 1,6,7
2022-09-14 18:18:46  INFO     imputation order: 1,7,6
2022-09-14 18:18:46  INFO     imputing: 1
2022-09-14 18:18:47  INFO     imputing: 7
2022-09-14 18:18:48  INFO     imputing: 6
2022-09-14 18:18:49  INFO     n_mis: 48
2022-09-14 18:18:49  INFO     on mdp: 1,4,6,7
2022-09-14 18:18:49  INFO     imputation order: 7,6,1,4
2022-09-14 18:18:49  INFO     imputing: 7
2022-09-14 18:18:49  INFO     imputing: 6
2022-09-14 18:18:50  INFO     imputing: 1
2022-09-14 18:18:51  INFO     imputing: 4
2022-09-14 18:18:53  INFO     completed
2022-09-14 18:19:10  INFO     started
2022-09-14 18:19:10  INFO     n_mis: 800
2022-09-14 18:19:10  INFO     imputation order: 4,7,1,6
2022-09-14 18:19:10  INFO     imputing: 4
2022-09-14 18:19:10  INFO     imputing: 7
2022-09-14 18:19:11  INFO     imputing: 1
2022-09-14 18:19:11  INFO     imputing: 6
2022-09-14 18:19:11  INFO     completed
2022-09-14 18:19:14  INFO     started
2022-09-14 18:19:14  INFO     total mdps 4
2022-09-14 18:19:14  INFO     n_mis: 800
2022-09-14 18:19:14  INFO     on mdp: 6
2022-09-14 18:19:14  INFO     imputation order: 6
2022-09-14 18:19:14  INFO     imputing: 6
2022-09-14 18:19:14  INFO     n_mis: 702
2022-09-14 18:19:14  INFO     on mdp: 1,6
2022-09-14 18:19:14  INFO     imputation order: 6,1
2022-09-14 18:19:14  INFO     imputing: 6
2022-09-14 18:19:14  INFO     imputing: 1
2022-09-14 18:19:14  INFO     n_mis: 680
2022-09-14 18:19:14  INFO     on mdp: 1,6,7
2022-09-14 18:19:14  INFO     imputation order: 1,7,6
2022-09-14 18:19:14  INFO     imputing: 1
2022-09-14 18:19:14  INFO     imputing: 7
2022-09-14 18:19:14  INFO     imputing: 6
2022-09-14 18:19:14  INFO     n_mis: 92
2022-09-14 18:19:14  INFO     on mdp: 1,4,6,7
2022-09-14 18:19:14  INFO     imputation order: 7,6,1,4
2022-09-14 18:19:14  INFO     imputing: 7
2022-09-14 18:19:14  INFO     imputing: 6
2022-09-14 18:19:14  INFO     imputing: 1
2022-09-14 18:19:14  INFO     imputing: 4
2022-09-14 18:19:14  INFO     completed
2022-09-14 18:20:06  INFO     started
2022-09-14 18:20:06  INFO     n_mis: 2000
2022-09-14 18:20:06  INFO     imputation order: 6,10,7,4,8,1,3,2,9,5
2022-09-14 18:20:06  INFO     imputing: 6
2022-09-14 18:20:06  INFO     imputing: 10
2022-09-14 18:20:06  INFO     imputing: 7
2022-09-14 18:20:06  INFO     imputing: 4
2022-09-14 18:20:06  INFO     imputing: 8
2022-09-14 18:20:06  INFO     imputing: 1
2022-09-14 18:20:06  INFO     imputing: 3
2022-09-14 18:20:06  INFO     imputing: 2
2022-09-14 18:20:06  INFO     imputing: 9
2022-09-14 18:20:06  INFO     imputing: 5
2022-09-14 18:20:06  INFO     completed
2022-09-14 18:20:09  INFO     started
2022-09-14 18:20:09  INFO     total mdps 251
2022-09-14 18:20:09  INFO     n_mis: 2000
2022-09-14 18:20:09  INFO     on mdp: 10
2022-09-14 18:20:09  INFO     imputation order: 10
2022-09-14 18:20:09  INFO     imputing: 10
2022-09-14 18:20:09  INFO     n_mis: 1977
2022-09-14 18:20:09  INFO     on mdp: 9
2022-09-14 18:20:09  INFO     imputation order: 9
2022-09-14 18:20:09  INFO     imputing: 9
2022-09-14 18:20:09  INFO     n_mis: 1950
2022-09-14 18:20:09  INFO     on mdp: 9,10
2022-09-14 18:20:09  INFO     imputation order: 10,9
2022-09-14 18:20:09  INFO     imputing: 10
2022-09-14 18:20:09  INFO     imputing: 9
2022-09-14 18:20:09  INFO     n_mis: 1930
2022-09-14 18:20:09  INFO     on mdp: 8
2022-09-14 18:20:09  INFO     imputation order: 8
2022-09-14 18:20:09  INFO     imputing: 8
2022-09-14 18:20:09  INFO     n_mis: 1902
2022-09-14 18:20:09  INFO     on mdp: 8,10
2022-09-14 18:20:09  INFO     imputation order: 8,10
2022-09-14 18:20:09  INFO     imputing: 8
2022-09-14 18:20:09  INFO     imputing: 10
2022-09-14 18:20:09  INFO     n_mis: 1894
2022-09-14 18:20:09  INFO     on mdp: 8,9
2022-09-14 18:20:09  INFO     imputation order: 8,9
2022-09-14 18:20:09  INFO     imputing: 8
2022-09-14 18:20:09  INFO     imputing: 9
2022-09-14 18:20:09  INFO     n_mis: 1874
2022-09-14 18:20:09  INFO     on mdp: 8,9,10
2022-09-14 18:20:09  INFO     imputation order: 10,8,9
2022-09-14 18:20:09  INFO     imputing: 10
2022-09-14 18:20:09  INFO     imputing: 8
2022-09-14 18:20:09  INFO     imputing: 9
2022-09-14 18:20:10  INFO     n_mis: 1868
2022-09-14 18:20:10  INFO     on mdp: 7
2022-09-14 18:20:10  INFO     imputation order: 7
2022-09-14 18:20:10  INFO     imputing: 7
2022-09-14 18:20:10  INFO     n_mis: 1848
2022-09-14 18:20:10  INFO     on mdp: 7,10
2022-09-14 18:20:10  INFO     imputation order: 10,7
2022-09-14 18:20:10  INFO     imputing: 10
2022-09-14 18:20:10  INFO     imputing: 7
2022-09-14 18:20:10  INFO     n_mis: 1840
2022-09-14 18:20:10  INFO     on mdp: 7,9
2022-09-14 18:20:10  INFO     imputation order: 7,9
2022-09-14 18:20:10  INFO     imputing: 7
2022-09-14 18:20:10  INFO     imputing: 9
2022-09-14 18:20:10  INFO     n_mis: 1826
2022-09-14 18:20:10  INFO     on mdp: 7,9,10
2022-09-14 18:20:10  INFO     imputation order: 7,9,10
2022-09-14 18:20:10  INFO     imputing: 7
2022-09-14 18:20:10  INFO     imputing: 9
2022-09-14 18:20:10  INFO     imputing: 10
2022-09-14 18:20:10  INFO     n_mis: 1823
2022-09-14 18:20:10  INFO     on mdp: 7,8
2022-09-14 18:20:10  INFO     imputation order: 7,8
2022-09-14 18:20:10  INFO     imputing: 7
2022-09-14 18:20:10  INFO     imputing: 8
2022-09-14 18:20:10  INFO     n_mis: 1799
2022-09-14 18:20:10  INFO     on mdp: 7,8,10
2022-09-14 18:20:10  INFO     imputation order: 10,8,7
2022-09-14 18:20:10  INFO     imputing: 10
2022-09-14 18:20:11  INFO     imputing: 8
2022-09-14 18:20:11  INFO     imputing: 7
2022-09-14 18:20:11  INFO     n_mis: 1793
2022-09-14 18:20:11  INFO     on mdp: 7,8,9
2022-09-14 18:20:11  INFO     imputation order: 7,9,8
2022-09-14 18:20:11  INFO     imputing: 7
2022-09-14 18:20:11  INFO     imputing: 9
2022-09-14 18:20:11  INFO     imputing: 8
2022-09-14 18:20:11  INFO     n_mis: 1790
2022-09-14 18:20:11  INFO     on mdp: 7,8,9,10
2022-09-14 18:20:11  INFO     imputation order: 8,10,9,7
2022-09-14 18:20:11  INFO     imputing: 8
2022-09-14 18:20:11  INFO     imputing: 10
2022-09-14 18:20:11  INFO     imputing: 9
2022-09-14 18:20:11  INFO     imputing: 7
2022-09-14 18:20:11  INFO     n_mis: 1786
2022-09-14 18:20:11  INFO     on mdp: 6
2022-09-14 18:20:11  INFO     imputation order: 6
2022-09-14 18:20:11  INFO     imputing: 6
2022-09-14 18:20:11  INFO     n_mis: 1759
2022-09-14 18:20:11  INFO     on mdp: 6,10
2022-09-14 18:20:11  INFO     imputation order: 6,10
2022-09-14 18:20:11  INFO     imputing: 6
2022-09-14 18:20:11  INFO     imputing: 10
2022-09-14 18:20:11  INFO     n_mis: 1741
2022-09-14 18:20:11  INFO     on mdp: 6,9
2022-09-14 18:20:11  INFO     imputation order: 6,9
2022-09-14 18:20:11  INFO     imputing: 6
2022-09-14 18:20:12  INFO     imputing: 9
2022-09-14 18:20:12  INFO     n_mis: 1731
2022-09-14 18:20:12  INFO     on mdp: 6,9,10
2022-09-14 18:20:12  INFO     imputation order: 9,6,10
2022-09-14 18:20:12  INFO     imputing: 9
2022-09-14 18:20:12  INFO     imputing: 6
2022-09-14 18:20:12  INFO     imputing: 10
2022-09-14 18:20:12  INFO     n_mis: 1725
2022-09-14 18:20:12  INFO     on mdp: 6,8
2022-09-14 18:20:12  INFO     imputation order: 6,8
2022-09-14 18:20:12  INFO     imputing: 6
2022-09-14 18:20:12  INFO     imputing: 8
2022-09-14 18:20:12  INFO     n_mis: 1715
2022-09-14 18:20:12  INFO     on mdp: 6,8,10
2022-09-14 18:20:12  INFO     imputation order: 6,8,10
2022-09-14 18:20:12  INFO     imputing: 6
2022-09-14 18:20:12  INFO     imputing: 8
2022-09-14 18:20:12  INFO     imputing: 10
2022-09-14 18:20:12  INFO     n_mis: 1712
2022-09-14 18:20:12  INFO     on mdp: 6,8,9
2022-09-14 18:20:12  INFO     imputation order: 8,6,9
2022-09-14 18:20:12  INFO     imputing: 8
2022-09-14 18:20:12  INFO     imputing: 6
2022-09-14 18:20:12  INFO     imputing: 9
2022-09-14 18:20:12  INFO     n_mis: 1700
2022-09-14 18:20:12  INFO     on mdp: 6,7
2022-09-14 18:20:12  INFO     imputation order: 7,6
2022-09-14 18:20:12  INFO     imputing: 7
2022-09-14 18:20:13  INFO     imputing: 6
2022-09-14 18:20:13  INFO     n_mis: 1690
2022-09-14 18:20:13  INFO     on mdp: 6,7,9
2022-09-14 18:20:13  INFO     imputation order: 6,7,9
2022-09-14 18:20:13  INFO     imputing: 6
2022-09-14 18:20:13  INFO     imputing: 7
2022-09-14 18:20:13  INFO     imputing: 9
2022-09-14 18:20:13  INFO     n_mis: 1687
2022-09-14 18:20:13  INFO     on mdp: 6,7,8,10
2022-09-14 18:20:13  INFO     imputation order: 7,6,8,10
2022-09-14 18:20:13  INFO     imputing: 7
2022-09-14 18:20:13  INFO     imputing: 6
2022-09-14 18:20:13  INFO     imputing: 8
2022-09-14 18:20:13  INFO     imputing: 10
2022-09-14 18:20:13  INFO     n_mis: 1683
2022-09-14 18:20:13  INFO     on mdp: 5
2022-09-14 18:20:13  INFO     imputation order: 5
2022-09-14 18:20:13  INFO     imputing: 5
2022-09-14 18:20:13  INFO     n_mis: 1657
2022-09-14 18:20:13  INFO     on mdp: 5,10
2022-09-14 18:20:13  INFO     imputation order: 10,5
2022-09-14 18:20:13  INFO     imputing: 10
2022-09-14 18:20:13  INFO     imputing: 5
2022-09-14 18:20:13  INFO     n_mis: 1639
2022-09-14 18:20:13  INFO     on mdp: 5,9
2022-09-14 18:20:13  INFO     imputation order: 9,5
2022-09-14 18:20:13  INFO     imputing: 9
2022-09-14 18:20:13  INFO     imputing: 5
2022-09-14 18:20:13  INFO     n_mis: 1623
2022-09-14 18:20:13  INFO     on mdp: 5,9,10
2022-09-14 18:20:13  INFO     imputation order: 5,10,9
2022-09-14 18:20:13  INFO     imputing: 5
2022-09-14 18:20:13  INFO     imputing: 10
2022-09-14 18:20:14  INFO     imputing: 9
2022-09-14 18:20:14  INFO     n_mis: 1620
2022-09-14 18:20:14  INFO     on mdp: 5,8
2022-09-14 18:20:14  INFO     imputation order: 5,8
2022-09-14 18:20:14  INFO     imputing: 5
2022-09-14 18:20:14  INFO     imputing: 8
2022-09-14 18:20:14  INFO     n_mis: 1596
2022-09-14 18:20:14  INFO     on mdp: 5,8,10
2022-09-14 18:20:14  INFO     imputation order: 5,8,10
2022-09-14 18:20:14  INFO     imputing: 5
2022-09-14 18:20:14  INFO     imputing: 8
2022-09-14 18:20:14  INFO     imputing: 10
2022-09-14 18:20:14  INFO     n_mis: 1584
2022-09-14 18:20:14  INFO     on mdp: 5,8,9
2022-09-14 18:20:14  INFO     imputation order: 9,5,8
2022-09-14 18:20:14  INFO     imputing: 9
2022-09-14 18:20:14  INFO     imputing: 5
2022-09-14 18:20:14  INFO     imputing: 8
2022-09-14 18:20:14  INFO     n_mis: 1581
2022-09-14 18:20:14  INFO     on mdp: 5,7
2022-09-14 18:20:14  INFO     imputation order: 5,7
2022-09-14 18:20:14  INFO     imputing: 5
2022-09-14 18:20:14  INFO     imputing: 7
2022-09-14 18:20:14  INFO     n_mis: 1571
2022-09-14 18:20:14  INFO     on mdp: 5,7,10
2022-09-14 18:20:14  INFO     imputation order: 10,7,5
2022-09-14 18:20:14  INFO     imputing: 10
2022-09-14 18:20:14  INFO     imputing: 7
2022-09-14 18:20:15  INFO     imputing: 5
2022-09-14 18:20:15  INFO     n_mis: 1568
2022-09-14 18:20:15  INFO     on mdp: 5,7,9,10
2022-09-14 18:20:15  INFO     imputation order: 9,7,10,5
2022-09-14 18:20:15  INFO     imputing: 9
2022-09-14 18:20:15  INFO     imputing: 7
2022-09-14 18:20:15  INFO     imputing: 10
2022-09-14 18:20:15  INFO     imputing: 5
2022-09-14 18:20:15  INFO     n_mis: 1564
2022-09-14 18:20:15  INFO     on mdp: 5,7,8
2022-09-14 18:20:15  INFO     imputation order: 5,8,7
2022-09-14 18:20:15  INFO     imputing: 5
2022-09-14 18:20:15  INFO     imputing: 8
2022-09-14 18:20:15  INFO     imputing: 7
2022-09-14 18:20:15  INFO     n_mis: 1561
2022-09-14 18:20:15  INFO     on mdp: 5,7,8,10
2022-09-14 18:20:15  INFO     imputation order: 10,7,8,5
2022-09-14 18:20:15  INFO     imputing: 10
2022-09-14 18:20:15  INFO     imputing: 7
2022-09-14 18:20:15  INFO     imputing: 8
2022-09-14 18:20:15  INFO     imputing: 5
2022-09-14 18:20:15  INFO     n_mis: 1557
2022-09-14 18:20:15  INFO     on mdp: 5,6
2022-09-14 18:20:15  INFO     imputation order: 5,6
2022-09-14 18:20:15  INFO     imputing: 5
2022-09-14 18:20:15  INFO     imputing: 6
2022-09-14 18:20:15  INFO     n_mis: 1545
2022-09-14 18:20:15  INFO     on mdp: 5,6,10
2022-09-14 18:20:15  INFO     imputation order: 6,10,5
2022-09-14 18:20:15  INFO     imputing: 6
2022-09-14 18:20:15  INFO     imputing: 10
2022-09-14 18:20:16  INFO     imputing: 5
2022-09-14 18:20:16  INFO     n_mis: 1539
2022-09-14 18:20:16  INFO     on mdp: 5,6,9
2022-09-14 18:20:16  INFO     imputation order: 5,6,9
2022-09-14 18:20:16  INFO     imputing: 5
2022-09-14 18:20:16  INFO     imputing: 6
2022-09-14 18:20:16  INFO     imputing: 9
2022-09-14 18:20:16  INFO     n_mis: 1533
2022-09-14 18:20:16  INFO     on mdp: 5,6,8
2022-09-14 18:20:16  INFO     imputation order: 5,6,8
2022-09-14 18:20:16  INFO     imputing: 5
2022-09-14 18:20:16  INFO     imputing: 6
2022-09-14 18:20:16  INFO     imputing: 8
2022-09-14 18:20:16  INFO     n_mis: 1530
2022-09-14 18:20:16  INFO     on mdp: 5,6,8,10
2022-09-14 18:20:16  INFO     imputation order: 8,5,6,10
2022-09-14 18:20:16  INFO     imputing: 8
2022-09-14 18:20:16  INFO     imputing: 5
2022-09-14 18:20:16  INFO     imputing: 6
2022-09-14 18:20:16  INFO     imputing: 10
2022-09-14 18:20:16  INFO     n_mis: 1526
2022-09-14 18:20:16  INFO     on mdp: 5,6,8,9
2022-09-14 18:20:16  INFO     imputation order: 6,5,9,8
2022-09-14 18:20:16  INFO     imputing: 6
2022-09-14 18:20:16  INFO     imputing: 5
2022-09-14 18:20:16  INFO     imputing: 9
2022-09-14 18:20:16  INFO     imputing: 8
2022-09-14 18:20:17  INFO     n_mis: 1522
2022-09-14 18:20:17  INFO     on mdp: 5,6,7
2022-09-14 18:20:17  INFO     imputation order: 7,5,6
2022-09-14 18:20:17  INFO     imputing: 7
2022-09-14 18:20:17  INFO     imputing: 5
2022-09-14 18:20:17  INFO     imputing: 6
2022-09-14 18:20:17  INFO     n_mis: 1519
2022-09-14 18:20:17  INFO     on mdp: 5,6,7,8
2022-09-14 18:20:17  INFO     imputation order: 5,7,8,6
2022-09-14 18:20:17  INFO     imputing: 5
2022-09-14 18:20:17  INFO     imputing: 7
2022-09-14 18:20:17  INFO     imputing: 8
2022-09-14 18:20:17  INFO     imputing: 6
2022-09-14 18:20:17  INFO     n_mis: 1515
2022-09-14 18:20:17  INFO     on mdp: 5,6,7,8,9,10
2022-09-14 18:20:17  INFO     imputation order: 8,5,10,9,7,6
2022-09-14 18:20:17  INFO     imputing: 8
2022-09-14 18:20:17  INFO     imputing: 5
2022-09-14 18:20:17  INFO     imputing: 10
2022-09-14 18:20:17  INFO     imputing: 9
2022-09-14 18:20:17  INFO     imputing: 7
2022-09-14 18:20:17  INFO     imputing: 6
2022-09-14 18:20:17  INFO     n_mis: 1509
2022-09-14 18:20:17  INFO     on mdp: 4
2022-09-14 18:20:17  INFO     imputation order: 4
2022-09-14 18:20:17  INFO     imputing: 4
2022-09-14 18:20:17  INFO     n_mis: 1479
2022-09-14 18:20:17  INFO     on mdp: 4,10
2022-09-14 18:20:17  INFO     imputation order: 4,10
2022-09-14 18:20:17  INFO     imputing: 4
2022-09-14 18:20:18  INFO     imputing: 10
2022-09-14 18:20:18  INFO     n_mis: 1467
2022-09-14 18:20:18  INFO     on mdp: 4,9
2022-09-14 18:20:18  INFO     imputation order: 4,9
2022-09-14 18:20:18  INFO     imputing: 4
2022-09-14 18:20:18  INFO     imputing: 9
2022-09-14 18:20:18  INFO     n_mis: 1461
2022-09-14 18:20:18  INFO     on mdp: 4,8
2022-09-14 18:20:18  INFO     imputation order: 4,8
2022-09-14 18:20:18  INFO     imputing: 4
2022-09-14 18:20:18  INFO     imputing: 8
2022-09-14 18:20:18  INFO     n_mis: 1447
2022-09-14 18:20:18  INFO     on mdp: 4,8,10
2022-09-14 18:20:18  INFO     imputation order: 4,10,8
2022-09-14 18:20:18  INFO     imputing: 4
2022-09-14 18:20:18  INFO     imputing: 10
2022-09-14 18:20:18  INFO     imputing: 8
2022-09-14 18:20:18  INFO     n_mis: 1444
2022-09-14 18:20:18  INFO     on mdp: 4,8,9
2022-09-14 18:20:18  INFO     imputation order: 8,9,4
2022-09-14 18:20:18  INFO     imputing: 8
2022-09-14 18:20:18  INFO     imputing: 9
2022-09-14 18:20:19  INFO     imputing: 4
2022-09-14 18:20:19  INFO     n_mis: 1438
2022-09-14 18:20:19  INFO     on mdp: 4,7
2022-09-14 18:20:19  INFO     imputation order: 7,4
2022-09-14 18:20:19  INFO     imputing: 7
2022-09-14 18:20:19  INFO     imputing: 4
2022-09-14 18:20:19  INFO     n_mis: 1422
2022-09-14 18:20:19  INFO     on mdp: 4,7,10
2022-09-14 18:20:19  INFO     imputation order: 4,7,10
2022-09-14 18:20:19  INFO     imputing: 4
2022-09-14 18:20:19  INFO     imputing: 7
2022-09-14 18:20:19  INFO     imputing: 10
2022-09-14 18:20:19  INFO     n_mis: 1419
2022-09-14 18:20:19  INFO     on mdp: 4,7,9
2022-09-14 18:20:19  INFO     imputation order: 7,4,9
2022-09-14 18:20:19  INFO     imputing: 7
2022-09-14 18:20:19  INFO     imputing: 4
2022-09-14 18:20:19  INFO     imputing: 9
2022-09-14 18:20:19  INFO     n_mis: 1404
2022-09-14 18:20:19  INFO     on mdp: 4,7,8
2022-09-14 18:20:19  INFO     imputation order: 4,8,7
2022-09-14 18:20:19  INFO     imputing: 4
2022-09-14 18:20:20  INFO     imputing: 8
2022-09-14 18:20:20  INFO     imputing: 7
2022-09-14 18:20:20  INFO     n_mis: 1401
2022-09-14 18:20:20  INFO     on mdp: 4,7,8,10
2022-09-14 18:20:20  INFO     imputation order: 4,10,8,7
2022-09-14 18:20:20  INFO     imputing: 4
2022-09-14 18:20:20  INFO     imputing: 10
2022-09-14 18:20:20  INFO     imputing: 8
2022-09-14 18:20:20  INFO     imputing: 7
2022-09-14 18:20:20  INFO     n_mis: 1397
2022-09-14 18:20:20  INFO     on mdp: 4,6
2022-09-14 18:20:20  INFO     imputation order: 4,6
2022-09-14 18:20:20  INFO     imputing: 4
2022-09-14 18:20:20  INFO     imputing: 6
2022-09-14 18:20:20  INFO     n_mis: 1389
2022-09-14 18:20:20  INFO     on mdp: 4,6,10
2022-09-14 18:20:20  INFO     imputation order: 4,10,6
2022-09-14 18:20:20  INFO     imputing: 4
2022-09-14 18:20:20  INFO     imputing: 10
2022-09-14 18:20:20  INFO     imputing: 6
2022-09-14 18:20:20  INFO     n_mis: 1380
2022-09-14 18:20:20  INFO     on mdp: 4,6,9
2022-09-14 18:20:20  INFO     imputation order: 4,9,6
2022-09-14 18:20:20  INFO     imputing: 4
2022-09-14 18:20:21  INFO     imputing: 9
2022-09-14 18:20:21  INFO     imputing: 6
2022-09-14 18:20:21  INFO     n_mis: 1374
2022-09-14 18:20:21  INFO     on mdp: 4,6,8
2022-09-14 18:20:21  INFO     imputation order: 4,8,6
2022-09-14 18:20:21  INFO     imputing: 4
2022-09-14 18:20:21  INFO     imputing: 8
2022-09-14 18:20:21  INFO     imputing: 6
2022-09-14 18:20:21  INFO     n_mis: 1371
2022-09-14 18:20:21  INFO     on mdp: 4,6,7
2022-09-14 18:20:21  INFO     imputation order: 4,7,6
2022-09-14 18:20:21  INFO     imputing: 4
2022-09-14 18:20:21  INFO     imputing: 7
2022-09-14 18:20:21  INFO     imputing: 6
2022-09-14 18:20:21  INFO     n_mis: 1368
2022-09-14 18:20:21  INFO     on mdp: 4,6,7,9
2022-09-14 18:20:21  INFO     imputation order: 7,9,4,6
2022-09-14 18:20:21  INFO     imputing: 7
2022-09-14 18:20:21  INFO     imputing: 9
2022-09-14 18:20:21  INFO     imputing: 4
2022-09-14 18:20:22  INFO     imputing: 6
2022-09-14 18:20:22  INFO     n_mis: 1360
2022-09-14 18:20:22  INFO     on mdp: 4,6,7,8
2022-09-14 18:20:22  INFO     imputation order: 6,4,7,8
2022-09-14 18:20:22  INFO     imputing: 6
2022-09-14 18:20:22  INFO     imputing: 4
2022-09-14 18:20:22  INFO     imputing: 7
2022-09-14 18:20:22  INFO     imputing: 8
2022-09-14 18:20:22  INFO     n_mis: 1356
2022-09-14 18:20:22  INFO     on mdp: 4,5
2022-09-14 18:20:22  INFO     imputation order: 5,4
2022-09-14 18:20:22  INFO     imputing: 5
2022-09-14 18:20:22  INFO     imputing: 4
2022-09-14 18:20:22  INFO     n_mis: 1342
2022-09-14 18:20:22  INFO     on mdp: 4,5,9
2022-09-14 18:20:22  INFO     imputation order: 4,9,5
2022-09-14 18:20:22  INFO     imputing: 4
2022-09-14 18:20:22  INFO     imputing: 9
2022-09-14 18:20:22  INFO     imputing: 5
2022-09-14 18:20:22  INFO     n_mis: 1330
2022-09-14 18:20:22  INFO     on mdp: 4,5,9,10
2022-09-14 18:20:22  INFO     imputation order: 10,5,4,9
2022-09-14 18:20:22  INFO     imputing: 10
2022-09-14 18:20:22  INFO     imputing: 5
2022-09-14 18:20:22  INFO     imputing: 4
2022-09-14 18:20:23  INFO     imputing: 9
2022-09-14 18:20:23  INFO     n_mis: 1326
2022-09-14 18:20:23  INFO     on mdp: 4,5,8
2022-09-14 18:20:23  INFO     imputation order: 4,5,8
2022-09-14 18:20:23  INFO     imputing: 4
2022-09-14 18:20:23  INFO     imputing: 5
2022-09-14 18:20:23  INFO     imputing: 8
2022-09-14 18:20:23  INFO     n_mis: 1323
2022-09-14 18:20:23  INFO     on mdp: 4,5,8,10
2022-09-14 18:20:23  INFO     imputation order: 4,10,5,8
2022-09-14 18:20:23  INFO     imputing: 4
2022-09-14 18:20:23  INFO     imputing: 10
2022-09-14 18:20:23  INFO     imputing: 5
2022-09-14 18:20:23  INFO     imputing: 8
2022-09-14 18:20:23  INFO     n_mis: 1319
2022-09-14 18:20:23  INFO     on mdp: 4,5,8,9,10
2022-09-14 18:20:23  INFO     imputation order: 5,4,10,8,9
2022-09-14 18:20:23  INFO     imputing: 5
2022-09-14 18:20:23  INFO     imputing: 4
2022-09-14 18:20:23  INFO     imputing: 10
2022-09-14 18:20:23  INFO     imputing: 8
2022-09-14 18:20:24  INFO     imputing: 9
2022-09-14 18:20:24  INFO     n_mis: 1314
2022-09-14 18:20:24  INFO     on mdp: 4,5,7
2022-09-14 18:20:24  INFO     imputation order: 5,7,4
2022-09-14 18:20:24  INFO     imputing: 5
2022-09-14 18:20:24  INFO     imputing: 7
2022-09-14 18:20:24  INFO     imputing: 4
2022-09-14 18:20:24  INFO     n_mis: 1311
2022-09-14 18:20:24  INFO     on mdp: 4,5,7,8
2022-09-14 18:20:24  INFO     imputation order: 5,4,8,7
2022-09-14 18:20:24  INFO     imputing: 5
2022-09-14 18:20:24  INFO     imputing: 4
2022-09-14 18:20:24  INFO     imputing: 8
2022-09-14 18:20:24  INFO     imputing: 7
2022-09-14 18:20:24  INFO     n_mis: 1299
2022-09-14 18:20:24  INFO     on mdp: 3
2022-09-14 18:20:24  INFO     imputation order: 3
2022-09-14 18:20:24  INFO     imputing: 3
2022-09-14 18:20:24  INFO     n_mis: 1277
2022-09-14 18:20:24  INFO     on mdp: 3,10
2022-09-14 18:20:24  INFO     imputation order: 3,10
2022-09-14 18:20:24  INFO     imputing: 3
2022-09-14 18:20:24  INFO     imputing: 10
2022-09-14 18:20:24  INFO     n_mis: 1267
2022-09-14 18:20:24  INFO     on mdp: 3,9
2022-09-14 18:20:24  INFO     imputation order: 3,9
2022-09-14 18:20:24  INFO     imputing: 3
2022-09-14 18:20:24  INFO     imputing: 9
2022-09-14 18:20:25  INFO     n_mis: 1247
2022-09-14 18:20:25  INFO     on mdp: 3,9,10
2022-09-14 18:20:25  INFO     imputation order: 3,10,9
2022-09-14 18:20:25  INFO     imputing: 3
2022-09-14 18:20:25  INFO     imputing: 10
2022-09-14 18:20:25  INFO     imputing: 9
2022-09-14 18:20:25  INFO     n_mis: 1235
2022-09-14 18:20:25  INFO     on mdp: 3,8
2022-09-14 18:20:25  INFO     imputation order: 8,3
2022-09-14 18:20:25  INFO     imputing: 8
2022-09-14 18:20:25  INFO     imputing: 3
2022-09-14 18:20:25  INFO     n_mis: 1227
2022-09-14 18:20:25  INFO     on mdp: 3,8,10
2022-09-14 18:20:25  INFO     imputation order: 10,8,3
2022-09-14 18:20:25  INFO     imputing: 10
2022-09-14 18:20:25  INFO     imputing: 8
2022-09-14 18:20:25  INFO     imputing: 3
2022-09-14 18:20:25  INFO     n_mis: 1224
2022-09-14 18:20:25  INFO     on mdp: 3,8,9
2022-09-14 18:20:25  INFO     imputation order: 3,9,8
2022-09-14 18:20:25  INFO     imputing: 3
2022-09-14 18:20:25  INFO     imputing: 9
2022-09-14 18:20:25  INFO     imputing: 8
2022-09-14 18:20:25  INFO     n_mis: 1218
2022-09-14 18:20:25  INFO     on mdp: 3,8,9,10
2022-09-14 18:20:25  INFO     imputation order: 9,8,3,10
2022-09-14 18:20:25  INFO     imputing: 9
2022-09-14 18:20:25  INFO     imputing: 8
2022-09-14 18:20:26  INFO     imputing: 3
2022-09-14 18:20:26  INFO     imputing: 10
2022-09-14 18:20:26  INFO     n_mis: 1214
2022-09-14 18:20:26  INFO     on mdp: 3,7
2022-09-14 18:20:26  INFO     imputation order: 7,3
2022-09-14 18:20:26  INFO     imputing: 7
2022-09-14 18:20:26  INFO     imputing: 3
2022-09-14 18:20:26  INFO     n_mis: 1200
2022-09-14 18:20:26  INFO     on mdp: 3,7,8
2022-09-14 18:20:26  INFO     imputation order: 3,8,7
2022-09-14 18:20:26  INFO     imputing: 3
2022-09-14 18:20:26  INFO     imputing: 8
2022-09-14 18:20:26  INFO     imputing: 7
2022-09-14 18:20:26  INFO     n_mis: 1197
2022-09-14 18:20:26  INFO     on mdp: 3,7,8,10
2022-09-14 18:20:26  INFO     imputation order: 8,7,3,10
2022-09-14 18:20:26  INFO     imputing: 8
2022-09-14 18:20:26  INFO     imputing: 7
2022-09-14 18:20:26  INFO     imputing: 3
2022-09-14 18:20:26  INFO     imputing: 10
2022-09-14 18:20:26  INFO     n_mis: 1193
2022-09-14 18:20:26  INFO     on mdp: 3,6
2022-09-14 18:20:26  INFO     imputation order: 3,6
2022-09-14 18:20:26  INFO     imputing: 3
2022-09-14 18:20:26  INFO     imputing: 6
2022-09-14 18:20:26  INFO     n_mis: 1181
2022-09-14 18:20:26  INFO     on mdp: 3,6,10
2022-09-14 18:20:26  INFO     imputation order: 6,3,10
2022-09-14 18:20:26  INFO     imputing: 6
2022-09-14 18:20:26  INFO     imputing: 3
2022-09-14 18:20:26  INFO     imputing: 10
2022-09-14 18:20:26  INFO     n_mis: 1175
2022-09-14 18:20:26  INFO     on mdp: 3,6,9,10
2022-09-14 18:20:26  INFO     imputation order: 3,10,6,9
2022-09-14 18:20:26  INFO     imputing: 3
2022-09-14 18:20:26  INFO     imputing: 10
2022-09-14 18:20:27  INFO     imputing: 6
2022-09-14 18:20:27  INFO     imputing: 9
2022-09-14 18:20:27  INFO     n_mis: 1167
2022-09-14 18:20:27  INFO     on mdp: 3,6,8
2022-09-14 18:20:27  INFO     imputation order: 3,6,8
2022-09-14 18:20:27  INFO     imputing: 3
2022-09-14 18:20:27  INFO     imputing: 6
2022-09-14 18:20:27  INFO     imputing: 8
2022-09-14 18:20:27  INFO     n_mis: 1161
2022-09-14 18:20:27  INFO     on mdp: 3,6,7
2022-09-14 18:20:27  INFO     imputation order: 6,7,3
2022-09-14 18:20:27  INFO     imputing: 6
2022-09-14 18:20:27  INFO     imputing: 7
2022-09-14 18:20:27  INFO     imputing: 3
2022-09-14 18:20:27  INFO     n_mis: 1155
2022-09-14 18:20:27  INFO     on mdp: 3,6,7,10
2022-09-14 18:20:27  INFO     imputation order: 10,3,7,6
2022-09-14 18:20:27  INFO     imputing: 10
2022-09-14 18:20:27  INFO     imputing: 3
2022-09-14 18:20:27  INFO     imputing: 7
2022-09-14 18:20:27  INFO     imputing: 6
2022-09-14 18:20:27  INFO     n_mis: 1151
2022-09-14 18:20:27  INFO     on mdp: 3,6,7,8,9
2022-09-14 18:20:27  INFO     imputation order: 9,6,8,7,3
2022-09-14 18:20:27  INFO     imputing: 9
2022-09-14 18:20:27  INFO     imputing: 6
2022-09-14 18:20:28  INFO     imputing: 8
2022-09-14 18:20:28  INFO     imputing: 7
2022-09-14 18:20:28  INFO     imputing: 3
2022-09-14 18:20:28  INFO     n_mis: 1146
2022-09-14 18:20:28  INFO     on mdp: 3,5
2022-09-14 18:20:28  INFO     imputation order: 3,5
2022-09-14 18:20:28  INFO     imputing: 3
2022-09-14 18:20:28  INFO     imputing: 5
2022-09-14 18:20:28  INFO     n_mis: 1126
2022-09-14 18:20:28  INFO     on mdp: 3,5,10
2022-09-14 18:20:28  INFO     imputation order: 5,10,3
2022-09-14 18:20:28  INFO     imputing: 5
2022-09-14 18:20:28  INFO     imputing: 10
2022-09-14 18:20:28  INFO     imputing: 3
2022-09-14 18:20:28  INFO     n_mis: 1117
2022-09-14 18:20:28  INFO     on mdp: 3,5,9
2022-09-14 18:20:28  INFO     imputation order: 5,3,9
2022-09-14 18:20:28  INFO     imputing: 5
2022-09-14 18:20:28  INFO     imputing: 3
2022-09-14 18:20:28  INFO     imputing: 9
2022-09-14 18:20:28  INFO     n_mis: 1114
2022-09-14 18:20:28  INFO     on mdp: 3,5,9,10
2022-09-14 18:20:28  INFO     imputation order: 3,10,5,9
2022-09-14 18:20:28  INFO     imputing: 3
2022-09-14 18:20:28  INFO     imputing: 10
2022-09-14 18:20:28  INFO     imputing: 5
2022-09-14 18:20:28  INFO     imputing: 9
2022-09-14 18:20:28  INFO     n_mis: 1110
2022-09-14 18:20:28  INFO     on mdp: 3,5,8
2022-09-14 18:20:28  INFO     imputation order: 5,3,8
2022-09-14 18:20:28  INFO     imputing: 5
2022-09-14 18:20:29  INFO     imputing: 3
2022-09-14 18:20:29  INFO     imputing: 8
2022-09-14 18:20:29  INFO     n_mis: 1104
2022-09-14 18:20:29  INFO     on mdp: 3,5,7
2022-09-14 18:20:29  INFO     imputation order: 5,7,3
2022-09-14 18:20:29  INFO     imputing: 5
2022-09-14 18:20:29  INFO     imputing: 7
2022-09-14 18:20:29  INFO     imputing: 3
2022-09-14 18:20:29  INFO     n_mis: 1101
2022-09-14 18:20:29  INFO     on mdp: 3,5,7,10
2022-09-14 18:20:29  INFO     imputation order: 10,7,3,5
2022-09-14 18:20:29  INFO     imputing: 10
2022-09-14 18:20:29  INFO     imputing: 7
2022-09-14 18:20:29  INFO     imputing: 3
2022-09-14 18:20:29  INFO     imputing: 5
2022-09-14 18:20:29  INFO     n_mis: 1097
2022-09-14 18:20:29  INFO     on mdp: 3,5,7,8
2022-09-14 18:20:29  INFO     imputation order: 8,5,7,3
2022-09-14 18:20:29  INFO     imputing: 8
2022-09-14 18:20:29  INFO     imputing: 5
2022-09-14 18:20:29  INFO     imputing: 7
2022-09-14 18:20:29  INFO     imputing: 3
2022-09-14 18:20:29  INFO     n_mis: 1093
2022-09-14 18:20:29  INFO     on mdp: 3,5,6
2022-09-14 18:20:29  INFO     imputation order: 6,3,5
2022-09-14 18:20:29  INFO     imputing: 6
2022-09-14 18:20:29  INFO     imputing: 3
2022-09-14 18:20:29  INFO     imputing: 5
2022-09-14 18:20:30  INFO     n_mis: 1081
2022-09-14 18:20:30  INFO     on mdp: 3,5,6,9
2022-09-14 18:20:30  INFO     imputation order: 9,6,3,5
2022-09-14 18:20:30  INFO     imputing: 9
2022-09-14 18:20:30  INFO     imputing: 6
2022-09-14 18:20:30  INFO     imputing: 3
2022-09-14 18:20:30  INFO     imputing: 5
2022-09-14 18:20:30  INFO     n_mis: 1073
2022-09-14 18:20:30  INFO     on mdp: 3,5,6,8
2022-09-14 18:20:30  INFO     imputation order: 8,6,3,5
2022-09-14 18:20:30  INFO     imputing: 8
2022-09-14 18:20:30  INFO     imputing: 6
2022-09-14 18:20:30  INFO     imputing: 3
2022-09-14 18:20:30  INFO     imputing: 5
2022-09-14 18:20:30  INFO     n_mis: 1061
2022-09-14 18:20:30  INFO     on mdp: 3,4
2022-09-14 18:20:30  INFO     imputation order: 4,3
2022-09-14 18:20:30  INFO     imputing: 4
2022-09-14 18:20:30  INFO     imputing: 3
2022-09-14 18:20:30  INFO     n_mis: 1051
2022-09-14 18:20:30  INFO     on mdp: 3,4,10
2022-09-14 18:20:30  INFO     imputation order: 10,4,3
2022-09-14 18:20:30  INFO     imputing: 10
2022-09-14 18:20:30  INFO     imputing: 4
2022-09-14 18:20:30  INFO     imputing: 3
2022-09-14 18:20:30  INFO     n_mis: 1048
2022-09-14 18:20:30  INFO     on mdp: 3,4,9
2022-09-14 18:20:30  INFO     imputation order: 3,9,4
2022-09-14 18:20:30  INFO     imputing: 3
2022-09-14 18:20:30  INFO     imputing: 9
2022-09-14 18:20:30  INFO     imputing: 4
2022-09-14 18:20:31  INFO     n_mis: 1042
2022-09-14 18:20:31  INFO     on mdp: 3,4,8
2022-09-14 18:20:31  INFO     imputation order: 4,8,3
2022-09-14 18:20:31  INFO     imputing: 4
2022-09-14 18:20:31  INFO     imputing: 8
2022-09-14 18:20:31  INFO     imputing: 3
2022-09-14 18:20:31  INFO     n_mis: 1039
2022-09-14 18:20:31  INFO     on mdp: 3,4,7
2022-09-14 18:20:31  INFO     imputation order: 4,3,7
2022-09-14 18:20:31  INFO     imputing: 4
2022-09-14 18:20:31  INFO     imputing: 3
2022-09-14 18:20:31  INFO     imputing: 7
2022-09-14 18:20:31  INFO     n_mis: 1027
2022-09-14 18:20:31  INFO     on mdp: 3,4,7,8
2022-09-14 18:20:31  INFO     imputation order: 3,8,4,7
2022-09-14 18:20:31  INFO     imputing: 3
2022-09-14 18:20:31  INFO     imputing: 8
2022-09-14 18:20:31  INFO     imputing: 4
2022-09-14 18:20:31  INFO     imputing: 7
2022-09-14 18:20:31  INFO     n_mis: 1023
2022-09-14 18:20:31  INFO     on mdp: 3,4,7,8,9
2022-09-14 18:20:31  INFO     imputation order: 9,7,3,4,8
2022-09-14 18:20:31  INFO     imputing: 9
2022-09-14 18:20:31  INFO     imputing: 7
2022-09-14 18:20:31  INFO     imputing: 3
2022-09-14 18:20:31  INFO     imputing: 4
2022-09-14 18:20:32  INFO     imputing: 8
2022-09-14 18:20:32  INFO     n_mis: 1018
2022-09-14 18:20:32  INFO     on mdp: 3,4,6
2022-09-14 18:20:32  INFO     imputation order: 6,4,3
2022-09-14 18:20:32  INFO     imputing: 6
2022-09-14 18:20:32  INFO     imputing: 4
2022-09-14 18:20:32  INFO     imputing: 3
2022-09-14 18:20:32  INFO     n_mis: 1015
2022-09-14 18:20:32  INFO     on mdp: 3,4,6,7
2022-09-14 18:20:32  INFO     imputation order: 3,6,7,4
2022-09-14 18:20:32  INFO     imputing: 3
2022-09-14 18:20:32  INFO     imputing: 6
2022-09-14 18:20:32  INFO     imputing: 7
2022-09-14 18:20:32  INFO     imputing: 4
2022-09-14 18:20:32  INFO     n_mis: 1007
2022-09-14 18:20:32  INFO     on mdp: 3,4,5
2022-09-14 18:20:32  INFO     imputation order: 3,4,5
2022-09-14 18:20:32  INFO     imputing: 3
2022-09-14 18:20:32  INFO     imputing: 4
2022-09-14 18:20:32  INFO     imputing: 5
2022-09-14 18:20:32  INFO     n_mis: 989
2022-09-14 18:20:32  INFO     on mdp: 2
2022-09-14 18:20:32  INFO     imputation order: 2
2022-09-14 18:20:32  INFO     imputing: 2
2022-09-14 18:20:33  INFO     n_mis: 964
2022-09-14 18:20:33  INFO     on mdp: 2,10
2022-09-14 18:20:33  INFO     imputation order: 10,2
2022-09-14 18:20:33  INFO     imputing: 10
2022-09-14 18:20:33  INFO     imputing: 2
2022-09-14 18:20:33  INFO     n_mis: 948
2022-09-14 18:20:33  INFO     on mdp: 2,9
2022-09-14 18:20:33  INFO     imputation order: 2,9
2022-09-14 18:20:33  INFO     imputing: 2
2022-09-14 18:20:33  INFO     imputing: 9
2022-09-14 18:20:33  INFO     n_mis: 942
2022-09-14 18:20:33  INFO     on mdp: 2,9,10
2022-09-14 18:20:33  INFO     imputation order: 9,2,10
2022-09-14 18:20:33  INFO     imputing: 9
2022-09-14 18:20:33  INFO     imputing: 2
2022-09-14 18:20:33  INFO     imputing: 10
2022-09-14 18:20:33  INFO     n_mis: 927
2022-09-14 18:20:33  INFO     on mdp: 2,8
2022-09-14 18:20:33  INFO     imputation order: 2,8
2022-09-14 18:20:33  INFO     imputing: 2
2022-09-14 18:20:33  INFO     imputing: 8
2022-09-14 18:20:34  INFO     n_mis: 913
2022-09-14 18:20:34  INFO     on mdp: 2,8,10
2022-09-14 18:20:34  INFO     imputation order: 2,8,10
2022-09-14 18:20:34  INFO     imputing: 2
2022-09-14 18:20:34  INFO     imputing: 8
2022-09-14 18:20:34  INFO     imputing: 10
2022-09-14 18:20:34  INFO     n_mis: 910
2022-09-14 18:20:34  INFO     on mdp: 2,8,9
2022-09-14 18:20:34  INFO     imputation order: 2,9,8
2022-09-14 18:20:34  INFO     imputing: 2
2022-09-14 18:20:34  INFO     imputing: 9
2022-09-14 18:20:34  INFO     imputing: 8
2022-09-14 18:20:34  INFO     n_mis: 904
2022-09-14 18:20:34  INFO     on mdp: 2,7
2022-09-14 18:20:34  INFO     imputation order: 2,7
2022-09-14 18:20:34  INFO     imputing: 2
2022-09-14 18:20:34  INFO     imputing: 7
2022-09-14 18:20:34  INFO     n_mis: 880
2022-09-14 18:20:34  INFO     on mdp: 2,7,10
2022-09-14 18:20:34  INFO     imputation order: 10,2,7
2022-09-14 18:20:34  INFO     imputing: 10
2022-09-14 18:20:35  INFO     imputing: 2
2022-09-14 18:20:35  INFO     imputing: 7
2022-09-14 18:20:35  INFO     n_mis: 874
2022-09-14 18:20:35  INFO     on mdp: 2,7,9
2022-09-14 18:20:35  INFO     imputation order: 9,7,2
2022-09-14 18:20:35  INFO     imputing: 9
2022-09-14 18:20:35  INFO     imputing: 7
2022-09-14 18:20:35  INFO     imputing: 2
2022-09-14 18:20:35  INFO     n_mis: 862
2022-09-14 18:20:35  INFO     on mdp: 2,7,8
2022-09-14 18:20:35  INFO     imputation order: 2,7,8
2022-09-14 18:20:35  INFO     imputing: 2
2022-09-14 18:20:35  INFO     imputing: 7
2022-09-14 18:20:35  INFO     imputing: 8
2022-09-14 18:20:36  INFO     n_mis: 856
2022-09-14 18:20:36  INFO     on mdp: 2,7,8,9
2022-09-14 18:20:36  INFO     imputation order: 8,7,9,2
2022-09-14 18:20:36  INFO     imputing: 8
2022-09-14 18:20:36  INFO     imputing: 7
2022-09-14 18:20:36  INFO     imputing: 9
2022-09-14 18:20:36  INFO     imputing: 2
2022-09-14 18:20:36  INFO     n_mis: 852
2022-09-14 18:20:36  INFO     on mdp: 2,6
2022-09-14 18:20:36  INFO     imputation order: 6,2
2022-09-14 18:20:36  INFO     imputing: 6
2022-09-14 18:20:36  INFO     imputing: 2
2022-09-14 18:20:36  INFO     n_mis: 836
2022-09-14 18:20:36  INFO     on mdp: 2,6,10
2022-09-14 18:20:36  INFO     imputation order: 6,10,2
2022-09-14 18:20:36  INFO     imputing: 6
2022-09-14 18:20:36  INFO     imputing: 10
2022-09-14 18:20:36  INFO     imputing: 2
2022-09-14 18:20:36  INFO     n_mis: 818
2022-09-14 18:20:36  INFO     on mdp: 2,6,8
2022-09-14 18:20:36  INFO     imputation order: 8,2,6
2022-09-14 18:20:36  INFO     imputing: 8
2022-09-14 18:20:37  INFO     imputing: 2
2022-09-14 18:20:37  INFO     imputing: 6
2022-09-14 18:20:37  INFO     n_mis: 812
2022-09-14 18:20:37  INFO     on mdp: 2,6,7,8
2022-09-14 18:20:37  INFO     imputation order: 6,2,7,8
2022-09-14 18:20:37  INFO     imputing: 6
2022-09-14 18:20:37  INFO     imputing: 2
2022-09-14 18:20:37  INFO     imputing: 7
2022-09-14 18:20:37  INFO     imputing: 8
2022-09-14 18:20:37  INFO     n_mis: 808
2022-09-14 18:20:37  INFO     on mdp: 2,5
2022-09-14 18:20:37  INFO     imputation order: 2,5
2022-09-14 18:20:37  INFO     imputing: 2
2022-09-14 18:20:37  INFO     imputing: 5
2022-09-14 18:20:37  INFO     n_mis: 798
2022-09-14 18:20:37  INFO     on mdp: 2,5,10
2022-09-14 18:20:37  INFO     imputation order: 2,5,10
2022-09-14 18:20:37  INFO     imputing: 2
2022-09-14 18:20:37  INFO     imputing: 5
2022-09-14 18:20:38  INFO     imputing: 10
2022-09-14 18:20:38  INFO     n_mis: 792
2022-09-14 18:20:38  INFO     on mdp: 2,5,9
2022-09-14 18:20:38  INFO     imputation order: 9,5,2
2022-09-14 18:20:38  INFO     imputing: 9
2022-09-14 18:20:38  INFO     imputing: 5
2022-09-14 18:20:38  INFO     imputing: 2
2022-09-14 18:20:38  INFO     n_mis: 786
2022-09-14 18:20:38  INFO     on mdp: 2,5,8
2022-09-14 18:20:38  INFO     imputation order: 5,8,2
2022-09-14 18:20:38  INFO     imputing: 5
2022-09-14 18:20:38  INFO     imputing: 8
2022-09-14 18:20:38  INFO     imputing: 2
2022-09-14 18:20:38  INFO     n_mis: 783
2022-09-14 18:20:38  INFO     on mdp: 2,5,8,10
2022-09-14 18:20:38  INFO     imputation order: 5,10,8,2
2022-09-14 18:20:38  INFO     imputing: 5
2022-09-14 18:20:38  INFO     imputing: 10
2022-09-14 18:20:38  INFO     imputing: 8
2022-09-14 18:20:38  INFO     imputing: 2
2022-09-14 18:20:39  INFO     n_mis: 779
2022-09-14 18:20:39  INFO     on mdp: 2,5,7
2022-09-14 18:20:39  INFO     imputation order: 5,7,2
2022-09-14 18:20:39  INFO     imputing: 5
2022-09-14 18:20:39  INFO     imputing: 7
2022-09-14 18:20:39  INFO     imputing: 2
2022-09-14 18:20:39  INFO     n_mis: 773
2022-09-14 18:20:39  INFO     on mdp: 2,5,7,10
2022-09-14 18:20:39  INFO     imputation order: 5,7,10,2
2022-09-14 18:20:39  INFO     imputing: 5
2022-09-14 18:20:39  INFO     imputing: 7
2022-09-14 18:20:39  INFO     imputing: 10
2022-09-14 18:20:39  INFO     imputing: 2
2022-09-14 18:20:39  INFO     n_mis: 769
2022-09-14 18:20:39  INFO     on mdp: 2,5,7,8
2022-09-14 18:20:39  INFO     imputation order: 8,7,2,5
2022-09-14 18:20:39  INFO     imputing: 8
2022-09-14 18:20:39  INFO     imputing: 7
2022-09-14 18:20:39  INFO     imputing: 2
2022-09-14 18:20:40  INFO     imputing: 5
2022-09-14 18:20:40  INFO     n_mis: 761
2022-09-14 18:20:40  INFO     on mdp: 2,5,6
2022-09-14 18:20:40  INFO     imputation order: 2,5,6
2022-09-14 18:20:40  INFO     imputing: 2
2022-09-14 18:20:40  INFO     imputing: 5
2022-09-14 18:20:40  INFO     imputing: 6
2022-09-14 18:20:40  INFO     n_mis: 752
2022-09-14 18:20:40  INFO     on mdp: 2,5,6,10
2022-09-14 18:20:40  INFO     imputation order: 10,6,2,5
2022-09-14 18:20:40  INFO     imputing: 10
2022-09-14 18:20:40  INFO     imputing: 6
2022-09-14 18:20:40  INFO     imputing: 2
2022-09-14 18:20:40  INFO     imputing: 5
2022-09-14 18:20:40  INFO     n_mis: 748
2022-09-14 18:20:40  INFO     on mdp: 2,5,6,9
2022-09-14 18:20:40  INFO     imputation order: 5,6,2,9
2022-09-14 18:20:40  INFO     imputing: 5
2022-09-14 18:20:40  INFO     imputing: 6
2022-09-14 18:20:40  INFO     imputing: 2
2022-09-14 18:20:40  INFO     imputing: 9
2022-09-14 18:20:40  INFO     n_mis: 744
2022-09-14 18:20:40  INFO     on mdp: 2,4
2022-09-14 18:20:40  INFO     imputation order: 2,4
2022-09-14 18:20:40  INFO     imputing: 2
2022-09-14 18:20:41  INFO     imputing: 4
2022-09-14 18:20:41  INFO     n_mis: 728
2022-09-14 18:20:41  INFO     on mdp: 2,4,10
2022-09-14 18:20:41  INFO     imputation order: 10,2,4
2022-09-14 18:20:41  INFO     imputing: 10
2022-09-14 18:20:41  INFO     imputing: 2
2022-09-14 18:20:41  INFO     imputing: 4
2022-09-14 18:20:41  INFO     n_mis: 725
2022-09-14 18:20:41  INFO     on mdp: 2,4,9
2022-09-14 18:20:41  INFO     imputation order: 9,4,2
2022-09-14 18:20:41  INFO     imputing: 9
2022-09-14 18:20:41  INFO     imputing: 4
2022-09-14 18:20:41  INFO     imputing: 2
2022-09-14 18:20:41  INFO     n_mis: 719
2022-09-14 18:20:41  INFO     on mdp: 2,4,8,9,10
2022-09-14 18:20:41  INFO     imputation order: 2,10,8,9,4
2022-09-14 18:20:41  INFO     imputing: 2
2022-09-14 18:20:42  INFO     imputing: 10
2022-09-14 18:20:42  INFO     imputing: 8
2022-09-14 18:20:42  INFO     imputing: 9
2022-09-14 18:20:42  INFO     imputing: 4
2022-09-14 18:20:42  INFO     n_mis: 714
2022-09-14 18:20:42  INFO     on mdp: 2,4,7,9
2022-09-14 18:20:42  INFO     imputation order: 4,9,7,2
2022-09-14 18:20:42  INFO     imputing: 4
2022-09-14 18:20:42  INFO     imputing: 9
2022-09-14 18:20:42  INFO     imputing: 7
2022-09-14 18:20:42  INFO     imputing: 2
2022-09-14 18:20:42  INFO     n_mis: 706
2022-09-14 18:20:42  INFO     on mdp: 2,4,6
2022-09-14 18:20:42  INFO     imputation order: 4,2,6
2022-09-14 18:20:42  INFO     imputing: 4
2022-09-14 18:20:42  INFO     imputing: 2
2022-09-14 18:20:42  INFO     imputing: 6
2022-09-14 18:20:43  INFO     n_mis: 697
2022-09-14 18:20:43  INFO     on mdp: 2,4,6,8
2022-09-14 18:20:43  INFO     imputation order: 2,8,6,4
2022-09-14 18:20:43  INFO     imputing: 2
2022-09-14 18:20:43  INFO     imputing: 8
2022-09-14 18:20:43  INFO     imputing: 6
2022-09-14 18:20:43  INFO     imputing: 4
2022-09-14 18:20:43  INFO     n_mis: 693
2022-09-14 18:20:43  INFO     on mdp: 2,4,5,10
2022-09-14 18:20:43  INFO     imputation order: 2,10,4,5
2022-09-14 18:20:43  INFO     imputing: 2
2022-09-14 18:20:43  INFO     imputing: 10
2022-09-14 18:20:43  INFO     imputing: 4
2022-09-14 18:20:43  INFO     imputing: 5
2022-09-14 18:20:43  INFO     n_mis: 689
2022-09-14 18:20:43  INFO     on mdp: 2,4,5,9
2022-09-14 18:20:43  INFO     imputation order: 5,9,2,4
2022-09-14 18:20:43  INFO     imputing: 5
2022-09-14 18:20:43  INFO     imputing: 9
2022-09-14 18:20:43  INFO     imputing: 2
2022-09-14 18:20:44  INFO     imputing: 4
2022-09-14 18:20:44  INFO     n_mis: 681
2022-09-14 18:20:44  INFO     on mdp: 2,4,5,6
2022-09-14 18:20:44  INFO     imputation order: 2,6,5,4
2022-09-14 18:20:44  INFO     imputing: 2
2022-09-14 18:20:44  INFO     imputing: 6
2022-09-14 18:20:44  INFO     imputing: 5
2022-09-14 18:20:44  INFO     imputing: 4
2022-09-14 18:20:44  INFO     n_mis: 673
2022-09-14 18:20:44  INFO     on mdp: 2,4,5,6,8
2022-09-14 18:20:44  INFO     imputation order: 2,5,8,4,6
2022-09-14 18:20:44  INFO     imputing: 2
2022-09-14 18:20:44  INFO     imputing: 5
2022-09-14 18:20:44  INFO     imputing: 8
2022-09-14 18:20:44  INFO     imputing: 4
2022-09-14 18:20:44  INFO     imputing: 6
2022-09-14 18:20:44  INFO     n_mis: 668
2022-09-14 18:20:44  INFO     on mdp: 2,3
2022-09-14 18:20:44  INFO     imputation order: 2,3
2022-09-14 18:20:44  INFO     imputing: 2
2022-09-14 18:20:45  INFO     imputing: 3
2022-09-14 18:20:45  INFO     n_mis: 652
2022-09-14 18:20:45  INFO     on mdp: 2,3,9
2022-09-14 18:20:45  INFO     imputation order: 3,9,2
2022-09-14 18:20:45  INFO     imputing: 3
2022-09-14 18:20:45  INFO     imputing: 9
2022-09-14 18:20:45  INFO     imputing: 2
2022-09-14 18:20:45  INFO     n_mis: 649
2022-09-14 18:20:45  INFO     on mdp: 2,3,9,10
2022-09-14 18:20:45  INFO     imputation order: 10,3,2,9
2022-09-14 18:20:45  INFO     imputing: 10
2022-09-14 18:20:45  INFO     imputing: 3
2022-09-14 18:20:45  INFO     imputing: 2
2022-09-14 18:20:45  INFO     imputing: 9
2022-09-14 18:20:45  INFO     n_mis: 645
2022-09-14 18:20:45  INFO     on mdp: 2,3,8
2022-09-14 18:20:45  INFO     imputation order: 2,8,3
2022-09-14 18:20:45  INFO     imputing: 2
2022-09-14 18:20:45  INFO     imputing: 8
2022-09-14 18:20:45  INFO     imputing: 3
2022-09-14 18:20:46  INFO     n_mis: 642
2022-09-14 18:20:46  INFO     on mdp: 2,3,8,9,10
2022-09-14 18:20:46  INFO     imputation order: 8,3,2,9,10
2022-09-14 18:20:46  INFO     imputing: 8
2022-09-14 18:20:46  INFO     imputing: 3
2022-09-14 18:20:46  INFO     imputing: 2
2022-09-14 18:20:46  INFO     imputing: 9
2022-09-14 18:20:46  INFO     imputing: 10
2022-09-14 18:20:46  INFO     n_mis: 637
2022-09-14 18:20:46  INFO     on mdp: 2,3,7
2022-09-14 18:20:46  INFO     imputation order: 7,2,3
2022-09-14 18:20:46  INFO     imputing: 7
2022-09-14 18:20:46  INFO     imputing: 2
2022-09-14 18:20:46  INFO     imputing: 3
2022-09-14 18:20:46  INFO     n_mis: 634
2022-09-14 18:20:46  INFO     on mdp: 2,3,6
2022-09-14 18:20:46  INFO     imputation order: 2,6,3
2022-09-14 18:20:46  INFO     imputing: 2
2022-09-14 18:20:46  INFO     imputing: 6
2022-09-14 18:20:46  INFO     imputing: 3
2022-09-14 18:20:46  INFO     n_mis: 631
2022-09-14 18:20:46  INFO     on mdp: 2,3,6,9
2022-09-14 18:20:46  INFO     imputation order: 3,2,6,9
2022-09-14 18:20:46  INFO     imputing: 3
2022-09-14 18:20:46  INFO     imputing: 2
2022-09-14 18:20:46  INFO     imputing: 6
2022-09-14 18:20:47  INFO     imputing: 9
2022-09-14 18:20:47  INFO     n_mis: 627
2022-09-14 18:20:47  INFO     on mdp: 2,3,6,8
2022-09-14 18:20:47  INFO     imputation order: 8,6,3,2
2022-09-14 18:20:47  INFO     imputing: 8
2022-09-14 18:20:47  INFO     imputing: 6
2022-09-14 18:20:47  INFO     imputing: 3
2022-09-14 18:20:47  INFO     imputing: 2
2022-09-14 18:20:47  INFO     n_mis: 623
2022-09-14 18:20:47  INFO     on mdp: 2,3,6,8,9
2022-09-14 18:20:47  INFO     imputation order: 9,8,6,2,3
2022-09-14 18:20:47  INFO     imputing: 9
2022-09-14 18:20:47  INFO     imputing: 8
2022-09-14 18:20:47  INFO     imputing: 6
2022-09-14 18:20:47  INFO     imputing: 2
2022-09-14 18:20:47  INFO     imputing: 3
2022-09-14 18:20:47  INFO     n_mis: 618
2022-09-14 18:20:47  INFO     on mdp: 2,3,6,7
2022-09-14 18:20:47  INFO     imputation order: 2,6,7,3
2022-09-14 18:20:47  INFO     imputing: 2
2022-09-14 18:20:48  INFO     imputing: 6
2022-09-14 18:20:48  INFO     imputing: 7
2022-09-14 18:20:48  INFO     imputing: 3
2022-09-14 18:20:48  INFO     n_mis: 614
2022-09-14 18:20:48  INFO     on mdp: 2,3,5
2022-09-14 18:20:48  INFO     imputation order: 2,5,3
2022-09-14 18:20:48  INFO     imputing: 2
2022-09-14 18:20:48  INFO     imputing: 5
2022-09-14 18:20:48  INFO     imputing: 3
2022-09-14 18:20:48  INFO     n_mis: 602
2022-09-14 18:20:48  INFO     on mdp: 2,3,5,8
2022-09-14 18:20:48  INFO     imputation order: 3,5,8,2
2022-09-14 18:20:48  INFO     imputing: 3
2022-09-14 18:20:48  INFO     imputing: 5
2022-09-14 18:20:48  INFO     imputing: 8
2022-09-14 18:20:48  INFO     imputing: 2
2022-09-14 18:20:48  INFO     n_mis: 598
2022-09-14 18:20:48  INFO     on mdp: 2,3,5,8,9
2022-09-14 18:20:48  INFO     imputation order: 5,9,2,3,8
2022-09-14 18:20:48  INFO     imputing: 5
2022-09-14 18:20:48  INFO     imputing: 9
2022-09-14 18:20:48  INFO     imputing: 2
2022-09-14 18:20:49  INFO     imputing: 3
2022-09-14 18:20:49  INFO     imputing: 8
2022-09-14 18:20:49  INFO     n_mis: 593
2022-09-14 18:20:49  INFO     on mdp: 2,3,5,7
2022-09-14 18:20:49  INFO     imputation order: 7,2,3,5
2022-09-14 18:20:49  INFO     imputing: 7
2022-09-14 18:20:49  INFO     imputing: 2
2022-09-14 18:20:49  INFO     imputing: 3
2022-09-14 18:20:49  INFO     imputing: 5
2022-09-14 18:20:49  INFO     n_mis: 585
2022-09-14 18:20:49  INFO     on mdp: 2,3,5,6
2022-09-14 18:20:49  INFO     imputation order: 5,6,3,2
2022-09-14 18:20:49  INFO     imputing: 5
2022-09-14 18:20:49  INFO     imputing: 6
2022-09-14 18:20:49  INFO     imputing: 3
2022-09-14 18:20:49  INFO     imputing: 2
2022-09-14 18:20:49  INFO     n_mis: 581
2022-09-14 18:20:49  INFO     on mdp: 2,3,4
2022-09-14 18:20:49  INFO     imputation order: 2,3,4
2022-09-14 18:20:49  INFO     imputing: 2
2022-09-14 18:20:50  INFO     imputing: 3
2022-09-14 18:20:50  INFO     imputing: 4
2022-09-14 18:20:50  INFO     n_mis: 578
2022-09-14 18:20:50  INFO     on mdp: 2,3,4,7,10
2022-09-14 18:20:50  INFO     imputation order: 2,10,7,4,3
2022-09-14 18:20:50  INFO     imputing: 2
2022-09-14 18:20:50  INFO     imputing: 10
2022-09-14 18:20:50  INFO     imputing: 7
2022-09-14 18:20:50  INFO     imputing: 4
2022-09-14 18:20:50  INFO     imputing: 3
2022-09-14 18:20:50  INFO     n_mis: 573
2022-09-14 18:20:50  INFO     on mdp: 2,3,4,6
2022-09-14 18:20:50  INFO     imputation order: 3,2,6,4
2022-09-14 18:20:50  INFO     imputing: 3
2022-09-14 18:20:50  INFO     imputing: 2
2022-09-14 18:20:50  INFO     imputing: 6
2022-09-14 18:20:50  INFO     imputing: 4
2022-09-14 18:20:50  INFO     n_mis: 569
2022-09-14 18:20:50  INFO     on mdp: 2,3,4,5
2022-09-14 18:20:50  INFO     imputation order: 2,3,5,4
2022-09-14 18:20:50  INFO     imputing: 2
2022-09-14 18:20:50  INFO     imputing: 3
2022-09-14 18:20:50  INFO     imputing: 5
2022-09-14 18:20:51  INFO     imputing: 4
2022-09-14 18:20:51  INFO     n_mis: 561
2022-09-14 18:20:51  INFO     on mdp: 2,3,4,5,10
2022-09-14 18:20:51  INFO     imputation order: 5,4,2,3,10
2022-09-14 18:20:51  INFO     imputing: 5
2022-09-14 18:20:51  INFO     imputing: 4
2022-09-14 18:20:51  INFO     imputing: 2
2022-09-14 18:20:51  INFO     imputing: 3
2022-09-14 18:20:51  INFO     imputing: 10
2022-09-14 18:20:51  INFO     n_mis: 556
2022-09-14 18:20:51  INFO     on mdp: 2,3,4,5,8,9
2022-09-14 18:20:51  INFO     imputation order: 9,4,2,8,3,5
2022-09-14 18:20:51  INFO     imputing: 9
2022-09-14 18:20:51  INFO     imputing: 4
2022-09-14 18:20:51  INFO     imputing: 2
2022-09-14 18:20:51  INFO     imputing: 8
2022-09-14 18:20:51  INFO     imputing: 3
2022-09-14 18:20:51  INFO     imputing: 5
2022-09-14 18:20:51  INFO     n_mis: 550
2022-09-14 18:20:51  INFO     on mdp: 2,3,4,5,6,9
2022-09-14 18:20:51  INFO     imputation order: 4,2,6,9,3,5
2022-09-14 18:20:51  INFO     imputing: 4
2022-09-14 18:20:51  INFO     imputing: 2
2022-09-14 18:20:51  INFO     imputing: 6
2022-09-14 18:20:52  INFO     imputing: 9
2022-09-14 18:20:52  INFO     imputing: 3
2022-09-14 18:20:52  INFO     imputing: 5
2022-09-14 18:20:52  INFO     n_mis: 544
2022-09-14 18:20:52  INFO     on mdp: 1
2022-09-14 18:20:52  INFO     imputation order: 1
2022-09-14 18:20:52  INFO     imputing: 1
2022-09-14 18:20:52  INFO     n_mis: 520
2022-09-14 18:20:52  INFO     on mdp: 1,10
2022-09-14 18:20:52  INFO     imputation order: 10,1
2022-09-14 18:20:52  INFO     imputing: 10
2022-09-14 18:20:52  INFO     imputing: 1
2022-09-14 18:20:52  INFO     n_mis: 498
2022-09-14 18:20:52  INFO     on mdp: 1,9
2022-09-14 18:20:52  INFO     imputation order: 9,1
2022-09-14 18:20:52  INFO     imputing: 9
2022-09-14 18:20:52  INFO     imputing: 1
2022-09-14 18:20:52  INFO     n_mis: 474
2022-09-14 18:20:52  INFO     on mdp: 1,8
2022-09-14 18:20:52  INFO     imputation order: 1,8
2022-09-14 18:20:52  INFO     imputing: 1
2022-09-14 18:20:53  INFO     imputing: 8
2022-09-14 18:20:53  INFO     n_mis: 464
2022-09-14 18:20:53  INFO     on mdp: 1,8,9
2022-09-14 18:20:53  INFO     imputation order: 9,1,8
2022-09-14 18:20:53  INFO     imputing: 9
2022-09-14 18:20:53  INFO     imputing: 1
2022-09-14 18:20:53  INFO     imputing: 8
2022-09-14 18:20:53  INFO     n_mis: 458
2022-09-14 18:20:53  INFO     on mdp: 1,7
2022-09-14 18:20:53  INFO     imputation order: 7,1
2022-09-14 18:20:53  INFO     imputing: 7
2022-09-14 18:20:53  INFO     imputing: 1
2022-09-14 18:20:53  INFO     n_mis: 444
2022-09-14 18:20:53  INFO     on mdp: 1,7,10
2022-09-14 18:20:53  INFO     imputation order: 10,1,7
2022-09-14 18:20:53  INFO     imputing: 10
2022-09-14 18:20:53  INFO     imputing: 1
2022-09-14 18:20:54  INFO     imputing: 7
2022-09-14 18:20:54  INFO     n_mis: 435
2022-09-14 18:20:54  INFO     on mdp: 1,7,9
2022-09-14 18:20:54  INFO     imputation order: 7,1,9
2022-09-14 18:20:54  INFO     imputing: 7
2022-09-14 18:20:54  INFO     imputing: 1
2022-09-14 18:20:54  INFO     imputing: 9
2022-09-14 18:20:54  INFO     n_mis: 432
2022-09-14 18:20:54  INFO     on mdp: 1,7,9,10
2022-09-14 18:20:54  INFO     imputation order: 9,1,7,10
2022-09-14 18:20:54  INFO     imputing: 9
2022-09-14 18:20:54  INFO     imputing: 1
2022-09-14 18:20:54  INFO     imputing: 7
2022-09-14 18:20:54  INFO     imputing: 10
2022-09-14 18:20:54  INFO     n_mis: 428
2022-09-14 18:20:54  INFO     on mdp: 1,7,8
2022-09-14 18:20:54  INFO     imputation order: 8,1,7
2022-09-14 18:20:54  INFO     imputing: 8
2022-09-14 18:20:55  INFO     imputing: 1
2022-09-14 18:20:55  INFO     imputing: 7
2022-09-14 18:20:55  INFO     n_mis: 425
2022-09-14 18:20:55  INFO     on mdp: 1,7,8,9,10
2022-09-14 18:20:55  INFO     imputation order: 8,10,9,1,7
2022-09-14 18:20:55  INFO     imputing: 8
2022-09-14 18:20:55  INFO     imputing: 10
2022-09-14 18:20:55  INFO     imputing: 9
2022-09-14 18:20:55  INFO     imputing: 1
2022-09-14 18:20:55  INFO     imputing: 7
2022-09-14 18:20:55  INFO     n_mis: 420
2022-09-14 18:20:55  INFO     on mdp: 1,6
2022-09-14 18:20:55  INFO     imputation order: 1,6
2022-09-14 18:20:55  INFO     imputing: 1
2022-09-14 18:20:55  INFO     imputing: 6
2022-09-14 18:20:56  INFO     n_mis: 398
2022-09-14 18:20:56  INFO     on mdp: 1,6,10
2022-09-14 18:20:56  INFO     imputation order: 1,10,6
2022-09-14 18:20:56  INFO     imputing: 1
2022-09-14 18:20:56  INFO     imputing: 10
2022-09-14 18:20:56  INFO     imputing: 6
2022-09-14 18:20:56  INFO     n_mis: 392
2022-09-14 18:20:56  INFO     on mdp: 1,6,9
2022-09-14 18:20:56  INFO     imputation order: 6,9,1
2022-09-14 18:20:56  INFO     imputing: 6
2022-09-14 18:20:56  INFO     imputing: 9
2022-09-14 18:20:56  INFO     imputing: 1
2022-09-14 18:20:56  INFO     n_mis: 386
2022-09-14 18:20:56  INFO     on mdp: 1,6,8,9,10
2022-09-14 18:20:56  INFO     imputation order: 9,8,1,6,10
2022-09-14 18:20:56  INFO     imputing: 9
2022-09-14 18:20:56  INFO     imputing: 8
2022-09-14 18:20:56  INFO     imputing: 1
2022-09-14 18:20:56  INFO     imputing: 6
2022-09-14 18:20:56  INFO     imputing: 10
2022-09-14 18:20:57  INFO     n_mis: 381
2022-09-14 18:20:57  INFO     on mdp: 1,6,7,9,10
2022-09-14 18:20:57  INFO     imputation order: 10,7,1,6,9
2022-09-14 18:20:57  INFO     imputing: 10
2022-09-14 18:20:57  INFO     imputing: 7
2022-09-14 18:20:57  INFO     imputing: 1
2022-09-14 18:20:57  INFO     imputing: 6
2022-09-14 18:20:57  INFO     imputing: 9
2022-09-14 18:20:57  INFO     n_mis: 376
2022-09-14 18:20:57  INFO     on mdp: 1,5
2022-09-14 18:20:57  INFO     imputation order: 5,1
2022-09-14 18:20:57  INFO     imputing: 5
2022-09-14 18:20:57  INFO     imputing: 1
2022-09-14 18:20:57  INFO     n_mis: 350
2022-09-14 18:20:57  INFO     on mdp: 1,5,9
2022-09-14 18:20:57  INFO     imputation order: 5,1,9
2022-09-14 18:20:57  INFO     imputing: 5
2022-09-14 18:20:57  INFO     imputing: 1
2022-09-14 18:20:57  INFO     imputing: 9
2022-09-14 18:20:58  INFO     n_mis: 347
2022-09-14 18:20:58  INFO     on mdp: 1,5,8
2022-09-14 18:20:58  INFO     imputation order: 5,8,1
2022-09-14 18:20:58  INFO     imputing: 5
2022-09-14 18:20:58  INFO     imputing: 8
2022-09-14 18:20:58  INFO     imputing: 1
2022-09-14 18:20:58  INFO     n_mis: 335
2022-09-14 18:20:58  INFO     on mdp: 1,5,7
2022-09-14 18:20:58  INFO     imputation order: 5,1,7
2022-09-14 18:20:58  INFO     imputing: 5
2022-09-14 18:20:58  INFO     imputing: 1
2022-09-14 18:20:58  INFO     imputing: 7
2022-09-14 18:20:58  INFO     n_mis: 332
2022-09-14 18:20:58  INFO     on mdp: 1,5,7,10
2022-09-14 18:20:58  INFO     imputation order: 1,5,7,10
2022-09-14 18:20:58  INFO     imputing: 1
2022-09-14 18:20:58  INFO     imputing: 5
2022-09-14 18:20:58  INFO     imputing: 7
2022-09-14 18:20:58  INFO     imputing: 10
2022-09-14 18:20:59  INFO     n_mis: 324
2022-09-14 18:20:59  INFO     on mdp: 1,5,6
2022-09-14 18:20:59  INFO     imputation order: 6,5,1
2022-09-14 18:20:59  INFO     imputing: 6
2022-09-14 18:20:59  INFO     imputing: 5
2022-09-14 18:20:59  INFO     imputing: 1
2022-09-14 18:20:59  INFO     n_mis: 321
2022-09-14 18:20:59  INFO     on mdp: 1,5,6,8
2022-09-14 18:20:59  INFO     imputation order: 8,1,6,5
2022-09-14 18:20:59  INFO     imputing: 8
2022-09-14 18:20:59  INFO     imputing: 1
2022-09-14 18:20:59  INFO     imputing: 6
2022-09-14 18:20:59  INFO     imputing: 5
2022-09-14 18:20:59  INFO     n_mis: 317
2022-09-14 18:20:59  INFO     on mdp: 1,5,6,8,10
2022-09-14 18:20:59  INFO     imputation order: 1,10,6,5,8
2022-09-14 18:20:59  INFO     imputing: 1
2022-09-14 18:20:59  INFO     imputing: 10
2022-09-14 18:20:59  INFO     imputing: 6
2022-09-14 18:20:59  INFO     imputing: 5
2022-09-14 18:20:59  INFO     imputing: 8
2022-09-14 18:20:59  INFO     n_mis: 312
2022-09-14 18:20:59  INFO     on mdp: 1,4
2022-09-14 18:20:59  INFO     imputation order: 4,1
2022-09-14 18:20:59  INFO     imputing: 4
2022-09-14 18:21:00  INFO     imputing: 1
2022-09-14 18:21:00  INFO     n_mis: 302
2022-09-14 18:21:00  INFO     on mdp: 1,4,10
2022-09-14 18:21:00  INFO     imputation order: 1,4,10
2022-09-14 18:21:00  INFO     imputing: 1
2022-09-14 18:21:00  INFO     imputing: 4
2022-09-14 18:21:00  INFO     imputing: 10
2022-09-14 18:21:00  INFO     n_mis: 299
2022-09-14 18:21:00  INFO     on mdp: 1,4,9
2022-09-14 18:21:00  INFO     imputation order: 9,1,4
2022-09-14 18:21:00  INFO     imputing: 9
2022-09-14 18:21:00  INFO     imputing: 1
2022-09-14 18:21:00  INFO     imputing: 4
2022-09-14 18:21:00  INFO     n_mis: 293
2022-09-14 18:21:00  INFO     on mdp: 1,4,9,10
2022-09-14 18:21:00  INFO     imputation order: 1,10,9,4
2022-09-14 18:21:00  INFO     imputing: 1
2022-09-14 18:21:00  INFO     imputing: 10
2022-09-14 18:21:01  INFO     imputing: 9
2022-09-14 18:21:01  INFO     imputing: 4
2022-09-14 18:21:01  INFO     n_mis: 289
2022-09-14 18:21:01  INFO     on mdp: 1,4,8
2022-09-14 18:21:01  INFO     imputation order: 8,1,4
2022-09-14 18:21:01  INFO     imputing: 8
2022-09-14 18:21:01  INFO     imputing: 1
2022-09-14 18:21:01  INFO     imputing: 4
2022-09-14 18:21:01  INFO     n_mis: 283
2022-09-14 18:21:01  INFO     on mdp: 1,4,7
2022-09-14 18:21:01  INFO     imputation order: 1,4,7
2022-09-14 18:21:01  INFO     imputing: 1
2022-09-14 18:21:01  INFO     imputing: 4
2022-09-14 18:21:01  INFO     imputing: 7
2022-09-14 18:21:02  INFO     n_mis: 268
2022-09-14 18:21:02  INFO     on mdp: 1,4,6
2022-09-14 18:21:02  INFO     imputation order: 4,1,6
2022-09-14 18:21:02  INFO     imputing: 4
2022-09-14 18:21:02  INFO     imputing: 1
2022-09-14 18:21:02  INFO     imputing: 6
2022-09-14 18:21:02  INFO     n_mis: 262
2022-09-14 18:21:02  INFO     on mdp: 1,4,6,8
2022-09-14 18:21:02  INFO     imputation order: 8,1,4,6
2022-09-14 18:21:02  INFO     imputing: 8
2022-09-14 18:21:02  INFO     imputing: 1
2022-09-14 18:21:02  INFO     imputing: 4
2022-09-14 18:21:02  INFO     imputing: 6
2022-09-14 18:21:02  INFO     n_mis: 258
2022-09-14 18:21:02  INFO     on mdp: 1,4,5
2022-09-14 18:21:02  INFO     imputation order: 1,4,5
2022-09-14 18:21:02  INFO     imputing: 1
2022-09-14 18:21:02  INFO     imputing: 4
2022-09-14 18:21:02  INFO     imputing: 5
2022-09-14 18:21:03  INFO     n_mis: 252
2022-09-14 18:21:03  INFO     on mdp: 1,4,5,8
2022-09-14 18:21:03  INFO     imputation order: 4,5,1,8
2022-09-14 18:21:03  INFO     imputing: 4
2022-09-14 18:21:03  INFO     imputing: 5
2022-09-14 18:21:03  INFO     imputing: 1
2022-09-14 18:21:03  INFO     imputing: 8
2022-09-14 18:21:03  INFO     n_mis: 248
2022-09-14 18:21:03  INFO     on mdp: 1,4,5,6
2022-09-14 18:21:03  INFO     imputation order: 1,6,5,4
2022-09-14 18:21:03  INFO     imputing: 1
2022-09-14 18:21:03  INFO     imputing: 6
2022-09-14 18:21:03  INFO     imputing: 5
2022-09-14 18:21:03  INFO     imputing: 4
2022-09-14 18:21:03  INFO     n_mis: 244
2022-09-14 18:21:03  INFO     on mdp: 1,3
2022-09-14 18:21:03  INFO     imputation order: 3,1
2022-09-14 18:21:03  INFO     imputing: 3
2022-09-14 18:21:03  INFO     imputing: 1
2022-09-14 18:21:03  INFO     n_mis: 230
2022-09-14 18:21:03  INFO     on mdp: 1,3,9
2022-09-14 18:21:03  INFO     imputation order: 3,9,1
2022-09-14 18:21:03  INFO     imputing: 3
2022-09-14 18:21:03  INFO     imputing: 9
2022-09-14 18:21:04  INFO     imputing: 1
2022-09-14 18:21:04  INFO     n_mis: 224
2022-09-14 18:21:04  INFO     on mdp: 1,3,9,10
2022-09-14 18:21:04  INFO     imputation order: 3,1,10,9
2022-09-14 18:21:04  INFO     imputing: 3
2022-09-14 18:21:04  INFO     imputing: 1
2022-09-14 18:21:04  INFO     imputing: 10
2022-09-14 18:21:04  INFO     imputing: 9
2022-09-14 18:21:04  INFO     n_mis: 220
2022-09-14 18:21:04  INFO     on mdp: 1,3,8
2022-09-14 18:21:04  INFO     imputation order: 3,8,1
2022-09-14 18:21:04  INFO     imputing: 3
2022-09-14 18:21:04  INFO     imputing: 8
2022-09-14 18:21:04  INFO     imputing: 1
2022-09-14 18:21:04  INFO     n_mis: 217
2022-09-14 18:21:04  INFO     on mdp: 1,3,8,10
2022-09-14 18:21:04  INFO     imputation order: 1,10,8,3
2022-09-14 18:21:04  INFO     imputing: 1
2022-09-14 18:21:05  INFO     imputing: 10
2022-09-14 18:21:05  INFO     imputing: 8
2022-09-14 18:21:05  INFO     imputing: 3
2022-09-14 18:21:05  INFO     n_mis: 213
2022-09-14 18:21:05  INFO     on mdp: 1,3,7
2022-09-14 18:21:05  INFO     imputation order: 1,7,3
2022-09-14 18:21:05  INFO     imputing: 1
2022-09-14 18:21:05  INFO     imputing: 7
2022-09-14 18:21:05  INFO     imputing: 3
2022-09-14 18:21:05  INFO     n_mis: 201
2022-09-14 18:21:05  INFO     on mdp: 1,3,7,10
2022-09-14 18:21:05  INFO     imputation order: 10,1,3,7
2022-09-14 18:21:05  INFO     imputing: 10
2022-09-14 18:21:05  INFO     imputing: 1
2022-09-14 18:21:05  INFO     imputing: 3
2022-09-14 18:21:05  INFO     imputing: 7
2022-09-14 18:21:05  INFO     n_mis: 197
2022-09-14 18:21:05  INFO     on mdp: 1,3,6
2022-09-14 18:21:05  INFO     imputation order: 1,6,3
2022-09-14 18:21:05  INFO     imputing: 1
2022-09-14 18:21:05  INFO     imputing: 6
2022-09-14 18:21:05  INFO     imputing: 3
2022-09-14 18:21:06  INFO     n_mis: 194
2022-09-14 18:21:06  INFO     on mdp: 1,3,6,9
2022-09-14 18:21:06  INFO     imputation order: 6,9,1,3
2022-09-14 18:21:06  INFO     imputing: 6
2022-09-14 18:21:06  INFO     imputing: 9
2022-09-14 18:21:06  INFO     imputing: 1
2022-09-14 18:21:06  INFO     imputing: 3
2022-09-14 18:21:06  INFO     n_mis: 190
2022-09-14 18:21:06  INFO     on mdp: 1,3,5
2022-09-14 18:21:06  INFO     imputation order: 3,1,5
2022-09-14 18:21:06  INFO     imputing: 3
2022-09-14 18:21:06  INFO     imputing: 1
2022-09-14 18:21:06  INFO     imputing: 5
2022-09-14 18:21:06  INFO     n_mis: 187
2022-09-14 18:21:06  INFO     on mdp: 1,3,5,10
2022-09-14 18:21:06  INFO     imputation order: 10,1,3,5
2022-09-14 18:21:06  INFO     imputing: 10
2022-09-14 18:21:06  INFO     imputing: 1
2022-09-14 18:21:06  INFO     imputing: 3
2022-09-14 18:21:06  INFO     imputing: 5
2022-09-14 18:21:06  INFO     n_mis: 183
2022-09-14 18:21:06  INFO     on mdp: 1,3,5,7,10
2022-09-14 18:21:06  INFO     imputation order: 5,1,10,7,3
2022-09-14 18:21:06  INFO     imputing: 5
2022-09-14 18:21:06  INFO     imputing: 1
2022-09-14 18:21:06  INFO     imputing: 10
2022-09-14 18:21:06  INFO     imputing: 7
2022-09-14 18:21:07  INFO     imputing: 3
2022-09-14 18:21:07  INFO     n_mis: 178
2022-09-14 18:21:07  INFO     on mdp: 1,3,5,7,9
2022-09-14 18:21:07  INFO     imputation order: 1,7,5,3,9
2022-09-14 18:21:07  INFO     imputing: 1
2022-09-14 18:21:07  INFO     imputing: 7
2022-09-14 18:21:07  INFO     imputing: 5
2022-09-14 18:21:07  INFO     imputing: 3
2022-09-14 18:21:07  INFO     imputing: 9
2022-09-14 18:21:07  INFO     n_mis: 173
2022-09-14 18:21:07  INFO     on mdp: 1,3,4
2022-09-14 18:21:07  INFO     imputation order: 3,1,4
2022-09-14 18:21:07  INFO     imputing: 3
2022-09-14 18:21:07  INFO     imputing: 1
2022-09-14 18:21:07  INFO     imputing: 4
2022-09-14 18:21:07  INFO     n_mis: 167
2022-09-14 18:21:07  INFO     on mdp: 1,3,4,10
2022-09-14 18:21:07  INFO     imputation order: 10,1,3,4
2022-09-14 18:21:07  INFO     imputing: 10
2022-09-14 18:21:07  INFO     imputing: 1
2022-09-14 18:21:07  INFO     imputing: 3
2022-09-14 18:21:08  INFO     imputing: 4
2022-09-14 18:21:08  INFO     n_mis: 163
2022-09-14 18:21:08  INFO     on mdp: 1,3,4,9
2022-09-14 18:21:08  INFO     imputation order: 1,9,4,3
2022-09-14 18:21:08  INFO     imputing: 1
2022-09-14 18:21:08  INFO     imputing: 9
2022-09-14 18:21:08  INFO     imputing: 4
2022-09-14 18:21:08  INFO     imputing: 3
2022-09-14 18:21:08  INFO     n_mis: 159
2022-09-14 18:21:08  INFO     on mdp: 1,3,4,8,9
2022-09-14 18:21:08  INFO     imputation order: 1,8,9,4,3
2022-09-14 18:21:08  INFO     imputing: 1
2022-09-14 18:21:08  INFO     imputing: 8
2022-09-14 18:21:08  INFO     imputing: 9
2022-09-14 18:21:08  INFO     imputing: 4
2022-09-14 18:21:08  INFO     imputing: 3
2022-09-14 18:21:08  INFO     n_mis: 154
2022-09-14 18:21:08  INFO     on mdp: 1,3,4,6
2022-09-14 18:21:08  INFO     imputation order: 1,3,6,4
2022-09-14 18:21:08  INFO     imputing: 1
2022-09-14 18:21:08  INFO     imputing: 3
2022-09-14 18:21:08  INFO     imputing: 6
2022-09-14 18:21:09  INFO     imputing: 4
2022-09-14 18:21:09  INFO     n_mis: 150
2022-09-14 18:21:09  INFO     on mdp: 1,3,4,5,7,10
2022-09-14 18:21:09  INFO     imputation order: 1,4,5,7,3,10
2022-09-14 18:21:09  INFO     imputing: 1
2022-09-14 18:21:09  INFO     imputing: 4
2022-09-14 18:21:09  INFO     imputing: 5
2022-09-14 18:21:09  INFO     imputing: 7
2022-09-14 18:21:09  INFO     imputing: 3
2022-09-14 18:21:09  INFO     imputing: 10
2022-09-14 18:21:09  INFO     n_mis: 144
2022-09-14 18:21:09  INFO     on mdp: 1,3,4,5,7,9
2022-09-14 18:21:09  INFO     imputation order: 7,3,9,4,1,5
2022-09-14 18:21:09  INFO     imputing: 7
2022-09-14 18:21:09  INFO     imputing: 3
2022-09-14 18:21:09  INFO     imputing: 9
2022-09-14 18:21:09  INFO     imputing: 4
2022-09-14 18:21:09  INFO     imputing: 1
2022-09-14 18:21:09  INFO     imputing: 5
2022-09-14 18:21:09  INFO     n_mis: 138
2022-09-14 18:21:09  INFO     on mdp: 1,3,4,5,6,8
2022-09-14 18:21:09  INFO     imputation order: 3,6,5,8,1,4
2022-09-14 18:21:09  INFO     imputing: 3
2022-09-14 18:21:09  INFO     imputing: 6
2022-09-14 18:21:10  INFO     imputing: 5
2022-09-14 18:21:10  INFO     imputing: 8
2022-09-14 18:21:10  INFO     imputing: 1
2022-09-14 18:21:10  INFO     imputing: 4
2022-09-14 18:21:10  INFO     n_mis: 132
2022-09-14 18:21:10  INFO     on mdp: 1,2
2022-09-14 18:21:10  INFO     imputation order: 2,1
2022-09-14 18:21:10  INFO     imputing: 2
2022-09-14 18:21:10  INFO     imputing: 1
2022-09-14 18:21:10  INFO     n_mis: 112
2022-09-14 18:21:10  INFO     on mdp: 1,2,9
2022-09-14 18:21:10  INFO     imputation order: 9,2,1
2022-09-14 18:21:10  INFO     imputing: 9
2022-09-14 18:21:10  INFO     imputing: 2
2022-09-14 18:21:10  INFO     imputing: 1
2022-09-14 18:21:11  INFO     n_mis: 109
2022-09-14 18:21:11  INFO     on mdp: 1,2,9,10
2022-09-14 18:21:11  INFO     imputation order: 1,9,2,10
2022-09-14 18:21:11  INFO     imputing: 1
2022-09-14 18:21:11  INFO     imputing: 9
2022-09-14 18:21:11  INFO     imputing: 2
2022-09-14 18:21:11  INFO     imputing: 10
2022-09-14 18:21:11  INFO     n_mis: 105
2022-09-14 18:21:11  INFO     on mdp: 1,2,7
2022-09-14 18:21:11  INFO     imputation order: 7,2,1
2022-09-14 18:21:11  INFO     imputing: 7
2022-09-14 18:21:11  INFO     imputing: 2
2022-09-14 18:21:11  INFO     imputing: 1
2022-09-14 18:21:11  INFO     n_mis: 93
2022-09-14 18:21:11  INFO     on mdp: 1,2,7,9
2022-09-14 18:21:11  INFO     imputation order: 1,7,2,9
2022-09-14 18:21:11  INFO     imputing: 1
2022-09-14 18:21:11  INFO     imputing: 7
2022-09-14 18:21:12  INFO     imputing: 2
2022-09-14 18:21:12  INFO     imputing: 9
2022-09-14 18:21:12  INFO     n_mis: 89
2022-09-14 18:21:12  INFO     on mdp: 1,2,6
2022-09-14 18:21:12  INFO     imputation order: 6,1,2
2022-09-14 18:21:12  INFO     imputing: 6
2022-09-14 18:21:12  INFO     imputing: 1
2022-09-14 18:21:12  INFO     imputing: 2
2022-09-14 18:21:12  INFO     n_mis: 83
2022-09-14 18:21:12  INFO     on mdp: 1,2,6,7
2022-09-14 18:21:12  INFO     imputation order: 6,2,7,1
2022-09-14 18:21:12  INFO     imputing: 6
2022-09-14 18:21:12  INFO     imputing: 2
2022-09-14 18:21:12  INFO     imputing: 7
2022-09-14 18:21:13  INFO     imputing: 1
2022-09-14 18:21:13  INFO     n_mis: 79
2022-09-14 18:21:13  INFO     on mdp: 1,2,6,7,8
2022-09-14 18:21:13  INFO     imputation order: 8,6,1,2,7
2022-09-14 18:21:13  INFO     imputing: 8
2022-09-14 18:21:13  INFO     imputing: 6
2022-09-14 18:21:13  INFO     imputing: 1
2022-09-14 18:21:13  INFO     imputing: 2
2022-09-14 18:21:13  INFO     imputing: 7
2022-09-14 18:21:13  INFO     n_mis: 74
2022-09-14 18:21:13  INFO     on mdp: 1,2,5,8
2022-09-14 18:21:13  INFO     imputation order: 1,2,5,8
2022-09-14 18:21:13  INFO     imputing: 1
2022-09-14 18:21:13  INFO     imputing: 2
2022-09-14 18:21:13  INFO     imputing: 5
2022-09-14 18:21:13  INFO     imputing: 8
2022-09-14 18:21:14  INFO     n_mis: 70
2022-09-14 18:21:14  INFO     on mdp: 1,2,4
2022-09-14 18:21:14  INFO     imputation order: 1,2,4
2022-09-14 18:21:14  INFO     imputing: 1
2022-09-14 18:21:14  INFO     imputing: 2
2022-09-14 18:21:14  INFO     imputing: 4
2022-09-14 18:21:14  INFO     n_mis: 67
2022-09-14 18:21:14  INFO     on mdp: 1,2,4,8
2022-09-14 18:21:14  INFO     imputation order: 1,2,8,4
2022-09-14 18:21:14  INFO     imputing: 1
2022-09-14 18:21:14  INFO     imputing: 2
2022-09-14 18:21:14  INFO     imputing: 8
2022-09-14 18:21:14  INFO     imputing: 4
2022-09-14 18:21:14  INFO     n_mis: 63
2022-09-14 18:21:14  INFO     on mdp: 1,2,4,8,10
2022-09-14 18:21:14  INFO     imputation order: 10,4,2,8,1
2022-09-14 18:21:14  INFO     imputing: 10
2022-09-14 18:21:14  INFO     imputing: 4
2022-09-14 18:21:15  INFO     imputing: 2
2022-09-14 18:21:15  INFO     imputing: 8
2022-09-14 18:21:15  INFO     imputing: 1
2022-09-14 18:21:15  INFO     n_mis: 58
2022-09-14 18:21:15  INFO     on mdp: 1,2,4,7
2022-09-14 18:21:15  INFO     imputation order: 1,7,4,2
2022-09-14 18:21:15  INFO     imputing: 1
2022-09-14 18:21:15  INFO     imputing: 7
2022-09-14 18:21:15  INFO     imputing: 4
2022-09-14 18:21:15  INFO     imputing: 2
2022-09-14 18:21:15  INFO     n_mis: 50
2022-09-14 18:21:15  INFO     on mdp: 1,2,4,6,8
2022-09-14 18:21:15  INFO     imputation order: 8,1,2,6,4
2022-09-14 18:21:15  INFO     imputing: 8
2022-09-14 18:21:15  INFO     imputing: 1
2022-09-14 18:21:16  INFO     imputing: 2
2022-09-14 18:21:16  INFO     imputing: 6
2022-09-14 18:21:16  INFO     imputing: 4
2022-09-14 18:21:16  INFO     n_mis: 45
2022-09-14 18:21:16  INFO     on mdp: 1,2,4,5,9
2022-09-14 18:21:16  INFO     imputation order: 9,5,2,4,1
2022-09-14 18:21:16  INFO     imputing: 9
2022-09-14 18:21:16  INFO     imputing: 5
2022-09-14 18:21:16  INFO     imputing: 2
2022-09-14 18:21:16  INFO     imputing: 4
2022-09-14 18:21:16  INFO     imputing: 1
2022-09-14 18:21:16  INFO     n_mis: 40
2022-09-14 18:21:16  INFO     on mdp: 1,2,3
2022-09-14 18:21:16  INFO     imputation order: 3,1,2
2022-09-14 18:21:16  INFO     imputing: 3
2022-09-14 18:21:16  INFO     imputing: 1
2022-09-14 18:21:17  INFO     imputing: 2
2022-09-14 18:21:17  INFO     n_mis: 37
2022-09-14 18:21:17  INFO     on mdp: 1,2,3,10
2022-09-14 18:21:17  INFO     imputation order: 2,1,10,3
2022-09-14 18:21:17  INFO     imputing: 2
2022-09-14 18:21:17  INFO     imputing: 1
2022-09-14 18:21:17  INFO     imputing: 10
2022-09-14 18:21:17  INFO     imputing: 3
2022-09-14 18:21:17  INFO     n_mis: 33
2022-09-14 18:21:17  INFO     on mdp: 1,2,3,9
2022-09-14 18:21:17  INFO     imputation order: 1,2,9,3
2022-09-14 18:21:17  INFO     imputing: 1
2022-09-14 18:21:17  INFO     imputing: 2
2022-09-14 18:21:17  INFO     imputing: 9
2022-09-14 18:21:17  INFO     imputing: 3
2022-09-14 18:21:17  INFO     n_mis: 29
2022-09-14 18:21:17  INFO     on mdp: 1,2,3,9,10
2022-09-14 18:21:17  INFO     imputation order: 3,10,1,9,2
2022-09-14 18:21:17  INFO     imputing: 3
2022-09-14 18:21:17  INFO     imputing: 10
2022-09-14 18:21:17  INFO     imputing: 1
2022-09-14 18:21:18  INFO     imputing: 9
2022-09-14 18:21:18  INFO     imputing: 2
2022-09-14 18:21:18  INFO     n_mis: 24
2022-09-14 18:21:18  INFO     on mdp: 1,2,3,8
2022-09-14 18:21:18  INFO     imputation order: 1,8,2,3
2022-09-14 18:21:18  INFO     imputing: 1
2022-09-14 18:21:18  INFO     imputing: 8
2022-09-14 18:21:18  INFO     imputing: 2
2022-09-14 18:21:18  INFO     imputing: 3
2022-09-14 18:21:18  INFO     n_mis: 20
2022-09-14 18:21:18  INFO     on mdp: 1,2,3,7,9
2022-09-14 18:21:18  INFO     imputation order: 1,2,7,3,9
2022-09-14 18:21:18  INFO     imputing: 1
2022-09-14 18:21:18  INFO     imputing: 2
2022-09-14 18:21:18  INFO     imputing: 7
2022-09-14 18:21:18  INFO     imputing: 3
2022-09-14 18:21:18  INFO     imputing: 9
2022-09-14 18:21:19  INFO     n_mis: 10
2022-09-14 18:21:19  INFO     on mdp: 1,2,3,6,8
2022-09-14 18:21:19  INFO     imputation order: 6,1,3,2,8
2022-09-14 18:21:19  INFO     imputing: 6
2022-09-14 18:21:19  INFO     imputing: 1
2022-09-14 18:21:19  INFO     imputing: 3
2022-09-14 18:21:19  INFO     imputing: 2
2022-09-14 18:21:19  INFO     imputing: 8
2022-09-14 18:21:19  INFO     n_mis: 5
2022-09-14 18:21:19  INFO     on mdp: 1,2,3,4,5
2022-09-14 18:21:19  INFO     imputation order: 5,1,4,3,2
2022-09-14 18:21:19  INFO     imputing: 5
2022-09-14 18:21:19  INFO     imputing: 1
2022-09-14 18:21:19  INFO     imputing: 4
2022-09-14 18:21:19  INFO     imputing: 3
2022-09-14 18:21:19  INFO     imputing: 2
2022-09-14 18:21:20  INFO     completed
2022-09-14 18:24:34  INFO     started
2022-09-14 18:24:34  INFO     n_mis: 200
2022-09-14 18:24:34  INFO     imputation order: 7,10
2022-09-14 18:24:34  INFO     imputing: 7
2022-09-14 18:24:35  INFO     imputing: 10
2022-09-14 18:24:37  INFO     completed
2022-09-14 18:24:45  INFO     started
2022-09-14 18:24:45  INFO     total mdps 2
2022-09-14 18:24:45  INFO     n_mis: 200
2022-09-14 18:24:45  INFO     on mdp: 10
2022-09-14 18:24:45  INFO     imputation order: 10
2022-09-14 18:24:45  INFO     imputing: 10
2022-09-14 18:24:47  INFO     n_mis: 104
2022-09-14 18:24:47  INFO     on mdp: 7,10
2022-09-14 18:24:47  INFO     imputation order: 10,7
2022-09-14 18:24:47  INFO     imputing: 10
2022-09-14 18:24:49  INFO     imputing: 7
2022-09-14 18:24:51  INFO     completed
2022-09-15 09:14:09  INFO     started
2022-09-15 09:14:09  INFO     n_mis: 200
2022-09-15 09:14:09  INFO     imputation order: 7,10
2022-09-15 09:14:09  INFO     imputing: 7
2022-09-15 09:14:11  INFO     imputing: 10
2022-09-15 09:14:12  INFO     completed
